Using pre-set license
Built from '2020.3/china_unity/release' branch; Version is '2020.3.1f1c1 (3e9f4b065a9d) revision 4104011'; Using compiler version '192528614'; Build Type 'Release'
OS: 'Windows 10 Pro; OS build 18363.1440; Version 1909; 64bit' Language: 'zh' Physical Memory: 16258 MB
BatchMode: 1, IsHumanControllingUs: 0, StartBugReporterOnCrash: 0, Is64bit: 1, IsPro: 0

 COMMAND LINE ARGUMENTS:
C:\Program Files\Unity\Hub\Editor\2020.3.1f1c1\Editor\Unity.exe
-adb2
-batchMode
-noUpm
-name
AssetImportWorker0
-projectPath
E:/unityPj/New Unity Project (9)
-logFile
Logs/AssetImportWorker0.log
-srvPort
55413
Successfully changed project path to: E:/unityPj/New Unity Project (9)
E:/unityPj/New Unity Project (9)
Using Asset Import Pipeline V2.
Refreshing native plugins compatible for Editor in 32.97 ms, found 0 plugins.
Preloading 0 native plugins for Editor in 0.00 ms.
Initialize engine version: 2020.3.1f1c1 (3e9f4b065a9d)
[Subsystems] Discovering subsystems at path C:/Program Files/Unity/Hub/Editor/2020.3.1f1c1/Editor/Data/Resources/UnitySubsystems
[Subsystems] Discovering subsystems at path E:/unityPj/New Unity Project (9)/Assets
GfxDevice: creating device client; threaded=0
Direct3D:
    Version:  Direct3D 11.0 [level 11.1]
    Renderer: NVIDIA GeForce RTX 2060 SUPER (ID=0x1f06)
    Vendor:   
    VRAM:     8031 MB
    Driver:   27.21.14.6093
Initialize mono
Mono path[0] = 'C:/Program Files/Unity/Hub/Editor/2020.3.1f1c1/Editor/Data/Managed'
Mono path[1] = 'C:/Program Files/Unity/Hub/Editor/2020.3.1f1c1/Editor/Data/MonoBleedingEdge/lib/mono/unityjit'
Mono config path = 'C:/Program Files/Unity/Hub/Editor/2020.3.1f1c1/Editor/Data/MonoBleedingEdge/etc'
Using monoOptions --debugger-agent=transport=dt_socket,embedding=1,server=y,suspend=n,address=127.0.0.1:56120
Begin MonoManager ReloadAssembly
Registering precompiled unity dll's ...
Register platform support module: C:/Program Files/Unity/Hub/Editor/2020.3.1f1c1/Editor/Data/PlaybackEngines/WebGLSupport/UnityEditor.WebGL.Extensions.dll
Register platform support module: C:/Program Files/Unity/Hub/Editor/2020.3.1f1c1/Editor/Data/PlaybackEngines/WindowsStandaloneSupport/UnityEditor.WindowsStandalone.Extensions.dll
Registered in 0.003553 seconds.
Native extension for WindowsStandalone target not found
Native extension for WebGL target not found
Refreshing native plugins compatible for Editor in 38.54 ms, found 0 plugins.
Preloading 0 native plugins for Editor in 0.00 ms.
Invoked RoslynAnalysisRunner static constructor.
RoslynAnalysisRunner will not be running.
RoslynAnalysisRunner has terminated.
Mono: successfully reloaded assembly
- Completed reload, in  0.995 seconds
Platform modules already initialized, skipping
Registering precompiled user dll's ...
Registered in 0.003081 seconds.
Begin MonoManager ReloadAssembly
Native extension for WindowsStandalone target not found
Native extension for WebGL target not found
Refreshing native plugins compatible for Editor in 0.33 ms, found 0 plugins.
Preloading 0 native plugins for Editor in 0.00 ms.
Invoked RoslynAnalysisRunner static constructor.
RoslynAnalysisRunner will not be running.
RoslynAnalysisRunner has terminated.
Mono: successfully reloaded assembly
- Completed reload, in  1.034 seconds
Platform modules already initialized, skipping
========================================================================
Worker process is ready to serve import requests
Launched and connected shader compiler UnityShaderCompiler.exe after 0.03 seconds
Refreshing native plugins compatible for Editor in 0.34 ms, found 0 plugins.
Preloading 0 native plugins for Editor in 0.00 ms.
Unloading 1807 Unused Serialized files (Serialized files now loaded: 0)
System memory in use before: 83.6 MB.
System memory in use after: 83.6 MB.

Unloading 74 unused Assets to reduce memory usage. Loaded Objects now: 2246.
Total: 2.080100 ms (FindLiveObjects: 0.204800 ms CreateObjectMapping: 0.046500 ms MarkObjects: 1.666400 ms  DeleteObjects: 0.161400 ms)

========================================================================
Received Import Request.
  path: Assets/ModAssets
  artifactKey: Guid(c9e6b4a3c143baa45a638f19841be256) Importer(815301076,1909f56bfc062723c751e8b465ee728b)
Start importing Assets/ModAssets using Guid(c9e6b4a3c143baa45a638f19841be256) Importer(815301076,1909f56bfc062723c751e8b465ee728b)  -> (artifact id: '82b1b18826ac9e28437df8f4023885ad') in 0.008309 seconds
  Import took 0.010631 seconds .

========================================================================
Received Import Request.
  Time since last request: 0.000227 seconds.
  path: Assets/FPS
  artifactKey: Guid(50cf0c09de57fb64db657a17fd2dfc67) Importer(815301076,1909f56bfc062723c751e8b465ee728b)
Start importing Assets/FPS using Guid(50cf0c09de57fb64db657a17fd2dfc67) Importer(815301076,1909f56bfc062723c751e8b465ee728b)  -> (artifact id: 'dae3dc2260c4b66999a818285e86657c') in 0.006918 seconds
  Import took 0.009071 seconds .

========================================================================
Received Import Request.
  Time since last request: 0.000254 seconds.
  path: Assets/LevelGenerator
  artifactKey: Guid(02215b9bf3ada9d439966e1febf933cf) Importer(815301076,1909f56bfc062723c751e8b465ee728b)
Start importing Assets/LevelGenerator using Guid(02215b9bf3ada9d439966e1febf933cf) Importer(815301076,1909f56bfc062723c751e8b465ee728b)  -> (artifact id: 'db22d507edb43512d93428beb46738f8') in 0.007550 seconds
  Import took 0.010089 seconds .

========================================================================
Received Import Request.
  Time since last request: 211.758001 seconds.
  path: Assets/FPS/Scenes
  artifactKey: Guid(9c53962885c2c4f449125a979d6ad240) Importer(815301076,1909f56bfc062723c751e8b465ee728b)
Start importing Assets/FPS/Scenes using Guid(9c53962885c2c4f449125a979d6ad240) Importer(815301076,1909f56bfc062723c751e8b465ee728b)  -> (artifact id: '2cef1a83c740cd57e11f17230baf81d2') in 0.007902 seconds
  Import took 0.010662 seconds .

========================================================================
Received Import Request.
  Time since last request: 1.467067 seconds.
  path: Assets/FPS/Scenes/SecondaryScene.unity
  artifactKey: Guid(c1e3b9d89d7497c409654472b88e2984) Importer(815301076,1909f56bfc062723c751e8b465ee728b)
Start importing Assets/FPS/Scenes/SecondaryScene.unity using Guid(c1e3b9d89d7497c409654472b88e2984) Importer(815301076,1909f56bfc062723c751e8b465ee728b)  -> (artifact id: '07e21203e2ca17ea836ea867f5c62b73') in 0.009172 seconds
  Import took 0.011727 seconds .

========================================================================
Received Import Request.
  Time since last request: 27.866939 seconds.
  path: Assets/FPS/Prefabs
  artifactKey: Guid(65b43a85cb457704a8b23d16f6f85da7) Importer(815301076,1909f56bfc062723c751e8b465ee728b)
Start importing Assets/FPS/Prefabs using Guid(65b43a85cb457704a8b23d16f6f85da7) Importer(815301076,1909f56bfc062723c751e8b465ee728b)  -> (artifact id: '0ede5cfa9b7431210bc31a2e30d47e72') in 0.007697 seconds
  Import took 0.010348 seconds .

========================================================================
Received Import Request.
  Time since last request: 0.000522 seconds.
  path: Assets/FPS/Prefabs
  artifactKey: Guid(65b43a85cb457704a8b23d16f6f85da7) Importer(815301076,1909f56bfc062723c751e8b465ee728b)
Start importing Assets/FPS/Prefabs using Guid(65b43a85cb457704a8b23d16f6f85da7) Importer(815301076,1909f56bfc062723c751e8b465ee728b)  -> (artifact id: '0ede5cfa9b7431210bc31a2e30d47e72') in 0.003775 seconds
  Import took 0.006441 seconds .

========================================================================
Received Import Request.
  Time since last request: 0.067711 seconds.
  path: Assets/FPS/Prefabs/Cube.prefab
  artifactKey: Guid(cf7e257d2b255a84499370f200689835) Importer(815301076,1909f56bfc062723c751e8b465ee728b)
Start importing Assets/FPS/Prefabs/Cube.prefab using Guid(cf7e257d2b255a84499370f200689835) Importer(815301076,1909f56bfc062723c751e8b465ee728b)  -> (artifact id: '130bfd338d2a0a89e76724d4ccffdb89') in 0.045750 seconds
  Import took 0.048365 seconds .

========================================================================
Received Import Request.
  Time since last request: 0.000251 seconds.
  path: Assets/FPS/Prefabs/ObjectiveKillEnemies.prefab
  artifactKey: Guid(012d63212fd1fe646b661cb8446c7bd4) Importer(815301076,1909f56bfc062723c751e8b465ee728b)
Start importing Assets/FPS/Prefabs/ObjectiveKillEnemies.prefab using Guid(012d63212fd1fe646b661cb8446c7bd4) Importer(815301076,1909f56bfc062723c751e8b465ee728b)  -> (artifact id: '882107ebbd2b24f5913d5f71a7293225') in 0.010205 seconds
  Import took 0.012605 seconds .

========================================================================
Received Import Request.
  Time since last request: 0.000221 seconds.
  path: Assets/FPS/Prefabs/Player.prefab
  artifactKey: Guid(761cdc9e4e883334cbdcea062d0befa7) Importer(815301076,1909f56bfc062723c751e8b465ee728b)
Start importing Assets/FPS/Prefabs/Player.prefab using Guid(761cdc9e4e883334cbdcea062d0befa7) Importer(815301076,1909f56bfc062723c751e8b465ee728b)  -> (artifact id: '75176230910d4cab561b4b30c6f4549d') in 0.046233 seconds
  Import took 0.050119 seconds .

========================================================================
Received Import Request.
  Time since last request: 0.000336 seconds.
  path: Assets/FPS/Prefabs/ObjectiveReachPoint.prefab
  artifactKey: Guid(d401b602eddc4e449b385a053f012a4c) Importer(815301076,1909f56bfc062723c751e8b465ee728b)
Start importing Assets/FPS/Prefabs/ObjectiveReachPoint.prefab using Guid(d401b602eddc4e449b385a053f012a4c) Importer(815301076,1909f56bfc062723c751e8b465ee728b)  -> (artifact id: '841573b545b5d1d1ae1f6ac1ca6b9a12') in 0.067935 seconds
  Import took 0.070563 seconds .

========================================================================
Received Import Request.
  Time since last request: 0.000293 seconds.
  path: Assets/FPS/Prefabs/DebugTeleportPlayer.prefab
  artifactKey: Guid(fe7e09d3ff741dc4285ddf0ed3ef03ac) Importer(815301076,1909f56bfc062723c751e8b465ee728b)
Start importing Assets/FPS/Prefabs/DebugTeleportPlayer.prefab using Guid(fe7e09d3ff741dc4285ddf0ed3ef03ac) Importer(815301076,1909f56bfc062723c751e8b465ee728b)  -> (artifact id: 'd42236a04db0c3387024cb543c78e56e') in 0.036581 seconds
  Import took 0.040050 seconds .

========================================================================
Received Import Request.
  Time since last request: 0.000251 seconds.
  path: Assets/FPS/Prefabs/GameManager.prefab
  artifactKey: Guid(c996b53e9f849234393d1e90f68d1679) Importer(815301076,1909f56bfc062723c751e8b465ee728b)
Start importing Assets/FPS/Prefabs/GameManager.prefab using Guid(c996b53e9f849234393d1e90f68d1679) Importer(815301076,1909f56bfc062723c751e8b465ee728b)  -> (artifact id: 'ed04d59572313a299d8f94cb8434c8f0') in 0.137501 seconds
  Import took 0.140638 seconds .

========================================================================
Received Import Request.
  Time since last request: 0.000231 seconds.
  path: Assets/FPS/Prefabs/ObjectivePickupItem.prefab
  artifactKey: Guid(a5e57422b1d4cd7418d7bd6037f5a604) Importer(815301076,1909f56bfc062723c751e8b465ee728b)
Start importing Assets/FPS/Prefabs/ObjectivePickupItem.prefab using Guid(a5e57422b1d4cd7418d7bd6037f5a604) Importer(815301076,1909f56bfc062723c751e8b465ee728b)  -> (artifact id: 'b1e501f4b20041bca20d9f630fef8cae') in 0.010719 seconds
  Import took 0.013313 seconds .

========================================================================
Received Import Request.
  Time since last request: 2.470922 seconds.
  path: Assets/FPS/Prefabs/Level
  artifactKey: Guid(8e96c28432351a64485a29913decece4) Importer(815301076,1909f56bfc062723c751e8b465ee728b)
Start importing Assets/FPS/Prefabs/Level using Guid(8e96c28432351a64485a29913decece4) Importer(815301076,1909f56bfc062723c751e8b465ee728b)  -> (artifact id: '601d81d1db013f25567303ec8a27a5fc') in 0.007593 seconds
  Import took 0.010382 seconds .

========================================================================
Received Import Request.
  Time since last request: 0.000462 seconds.
  path: Assets/FPS/Prefabs/Level
  artifactKey: Guid(8e96c28432351a64485a29913decece4) Importer(815301076,1909f56bfc062723c751e8b465ee728b)
Start importing Assets/FPS/Prefabs/Level using Guid(8e96c28432351a64485a29913decece4) Importer(815301076,1909f56bfc062723c751e8b465ee728b)  -> (artifact id: '601d81d1db013f25567303ec8a27a5fc') in 0.003762 seconds
  Import took 0.006465 seconds .

========================================================================
Received Import Request.
  Time since last request: 17.767252 seconds.
  path: Assets/FPS/Prefabs/VFX
  artifactKey: Guid(1f40974af18944646971af135aa9e8ee) Importer(815301076,1909f56bfc062723c751e8b465ee728b)
Start importing Assets/FPS/Prefabs/VFX using Guid(1f40974af18944646971af135aa9e8ee) Importer(815301076,1909f56bfc062723c751e8b465ee728b)  -> (artifact id: '02074df53ae16f22d94cf6c85cf52941') in 0.007304 seconds
  Import took 0.010296 seconds .

========================================================================
Received Import Request.
  Time since last request: 0.000727 seconds.
  path: Assets/FPS/Prefabs/VFX
  artifactKey: Guid(1f40974af18944646971af135aa9e8ee) Importer(815301076,1909f56bfc062723c751e8b465ee728b)
Start importing Assets/FPS/Prefabs/VFX using Guid(1f40974af18944646971af135aa9e8ee) Importer(815301076,1909f56bfc062723c751e8b465ee728b)  -> (artifact id: '02074df53ae16f22d94cf6c85cf52941') in 0.003460 seconds
  Import took 0.006349 seconds .

========================================================================
Received Import Request.
  Time since last request: 0.102236 seconds.
  path: Assets/FPS/Prefabs/VFX/Directional Light.prefab
  artifactKey: Guid(c1f95b2a073069e4091731002c38a3df) Importer(815301076,1909f56bfc062723c751e8b465ee728b)
Start importing Assets/FPS/Prefabs/VFX/Directional Light.prefab using Guid(c1f95b2a073069e4091731002c38a3df) Importer(815301076,1909f56bfc062723c751e8b465ee728b)  -> (artifact id: '1567a8f29f9531a4f7698ffb30a2f877') in 0.048687 seconds
  Import took 0.051305 seconds .

========================================================================
Received Import Request.
  Time since last request: 0.000239 seconds.
  path: Assets/FPS/Prefabs/VFX/VFX_Alert.prefab
  artifactKey: Guid(1bc9e4f49c67a6a41af3e7cb3d30bb43) Importer(815301076,1909f56bfc062723c751e8b465ee728b)
Start importing Assets/FPS/Prefabs/VFX/VFX_Alert.prefab using Guid(1bc9e4f49c67a6a41af3e7cb3d30bb43) Importer(815301076,1909f56bfc062723c751e8b465ee728b)  -> (artifact id: '75464284cd6baf6c7cd3013ac791b756') in 0.010343 seconds
  Import took 0.013054 seconds .

========================================================================
Received Import Request.
  Time since last request: 0.000229 seconds.
  path: Assets/FPS/Prefabs/VFX/VFX_GunCylinder.prefab
  artifactKey: Guid(fa498bfcbbc9707458a2c75334b150c8) Importer(815301076,1909f56bfc062723c751e8b465ee728b)
Start importing Assets/FPS/Prefabs/VFX/VFX_GunCylinder.prefab using Guid(fa498bfcbbc9707458a2c75334b150c8) Importer(815301076,1909f56bfc062723c751e8b465ee728b)  -> (artifact id: '2f0e29cdbc1120cb9355fb30d511beb9') in 0.010317 seconds
  Import took 0.012957 seconds .

========================================================================
Received Import Request.
  Time since last request: 0.000264 seconds.
  path: Assets/FPS/Prefabs/VFX/VFX_LazerSparksRed.prefab
  artifactKey: Guid(4d48b487f11e62940a978c7c0c0cbcb4) Importer(815301076,1909f56bfc062723c751e8b465ee728b)
Start importing Assets/FPS/Prefabs/VFX/VFX_LazerSparksRed.prefab using Guid(4d48b487f11e62940a978c7c0c0cbcb4) Importer(815301076,1909f56bfc062723c751e8b465ee728b)  -> (artifact id: '75d6d5cc721afeb47744ea394e90963f') in 0.010406 seconds
  Import took 0.013035 seconds .

========================================================================
Received Import Request.
  Time since last request: 0.000231 seconds.
  path: Assets/FPS/Prefabs/VFX/VFX_MuzzleFlashBlue.prefab
  artifactKey: Guid(4f5d4e5eaa0e5104791549cea3dc3f23) Importer(815301076,1909f56bfc062723c751e8b465ee728b)
Start importing Assets/FPS/Prefabs/VFX/VFX_MuzzleFlashBlue.prefab using Guid(4f5d4e5eaa0e5104791549cea3dc3f23) Importer(815301076,1909f56bfc062723c751e8b465ee728b)  -> (artifact id: '239e09132c8dd9303f18b9a216514002') in 0.011240 seconds
  Import took 0.013990 seconds .

========================================================================
Received Import Request.
  Time since last request: 0.000315 seconds.
  path: Assets/FPS/Prefabs/VFX/VFX_DiskRange.prefab
  artifactKey: Guid(bbe6bdea7cd168e428a309e9eb2e728b) Importer(815301076,1909f56bfc062723c751e8b465ee728b)
Start importing Assets/FPS/Prefabs/VFX/VFX_DiskRange.prefab using Guid(bbe6bdea7cd168e428a309e9eb2e728b) Importer(815301076,1909f56bfc062723c751e8b465ee728b)  -> (artifact id: 'f69b478ba276c588c043f315cb9fa17a') in 0.012122 seconds
  Import took 0.014877 seconds .

========================================================================
Received Import Request.
  Time since last request: 0.000350 seconds.
  path: Assets/FPS/Prefabs/VFX/VFX_LazerSparksBlue.prefab
  artifactKey: Guid(358eca6adc32a89459c54b6b62d9c825) Importer(815301076,1909f56bfc062723c751e8b465ee728b)
Start importing Assets/FPS/Prefabs/VFX/VFX_LazerSparksBlue.prefab using Guid(358eca6adc32a89459c54b6b62d9c825) Importer(815301076,1909f56bfc062723c751e8b465ee728b)  -> (artifact id: '60a1a8224f0096c14281502852e7e2c4') in 0.010826 seconds
  Import took 0.013827 seconds .

========================================================================
Received Import Request.
  Time since last request: 0.000253 seconds.
  path: Assets/FPS/Prefabs/VFX/VFX_HitSparks.prefab
  artifactKey: Guid(7593818fba43c7f4c8372299ce5e893f) Importer(815301076,1909f56bfc062723c751e8b465ee728b)
Start importing Assets/FPS/Prefabs/VFX/VFX_HitSparks.prefab using Guid(7593818fba43c7f4c8372299ce5e893f) Importer(815301076,1909f56bfc062723c751e8b465ee728b)  -> (artifact id: '123003bdea093023b31a52f70298063a') in 0.010583 seconds
  Import took 0.013286 seconds .

========================================================================
Received Import Request.
  Time since last request: 0.000314 seconds.
  path: Assets/FPS/Prefabs/VFX/VFX_Angry.prefab
  artifactKey: Guid(201cf67a1fffda346bf368bb1008d260) Importer(815301076,1909f56bfc062723c751e8b465ee728b)
Start importing Assets/FPS/Prefabs/VFX/VFX_Angry.prefab using Guid(201cf67a1fffda346bf368bb1008d260) Importer(815301076,1909f56bfc062723c751e8b465ee728b)  -> (artifact id: '412e210dcbdcba53fb9e8382ea6aeb03') in 0.009865 seconds
  Import took 0.012812 seconds .

========================================================================
Received Import Request.
  Time since last request: 0.000322 seconds.
  path: Assets/FPS/Prefabs/VFX/VFX_DiskOrbitParticles.prefab
  artifactKey: Guid(b9cf7bff98404174d83a37d58c543aa5) Importer(815301076,1909f56bfc062723c751e8b465ee728b)
Start importing Assets/FPS/Prefabs/VFX/VFX_DiskOrbitParticles.prefab using Guid(b9cf7bff98404174d83a37d58c543aa5) Importer(815301076,1909f56bfc062723c751e8b465ee728b)  -> (artifact id: 'dcc7ce2103f51fd396032a5d6404d156') in 0.010057 seconds
  Import took 0.012651 seconds .

========================================================================
Received Import Request.
  Time since last request: 0.000304 seconds.
  path: Assets/FPS/Prefabs/VFX/VFX_HealthPickup.prefab
  artifactKey: Guid(e44fc97440f45e946a0bdbdd460acfb9) Importer(815301076,1909f56bfc062723c751e8b465ee728b)
Start importing Assets/FPS/Prefabs/VFX/VFX_HealthPickup.prefab using Guid(e44fc97440f45e946a0bdbdd460acfb9) Importer(815301076,1909f56bfc062723c751e8b465ee728b)  -> (artifact id: '5b7ede6e9338a966dde2696518024d28') in 0.010292 seconds
  Import took 0.012907 seconds .

========================================================================
Received Import Request.
  Time since last request: 0.000265 seconds.
  path: Assets/FPS/Prefabs/VFX/VFX_AngrySteam.prefab
  artifactKey: Guid(f77e2130c96652640accf8b9f6990d6b) Importer(815301076,1909f56bfc062723c751e8b465ee728b)
Start importing Assets/FPS/Prefabs/VFX/VFX_AngrySteam.prefab using Guid(f77e2130c96652640accf8b9f6990d6b) Importer(815301076,1909f56bfc062723c751e8b465ee728b)  -> (artifact id: 'de00667be61329b286c7e2967f5c5d7b') in 0.010263 seconds
  Import took 0.013113 seconds .

========================================================================
Received Import Request.
  Time since last request: 0.000287 seconds.
  path: Assets/FPS/Prefabs/VFX/VFX_GunCylinder_Secondary Variant.prefab
  artifactKey: Guid(40252b3901782c347a990f90ce729706) Importer(815301076,1909f56bfc062723c751e8b465ee728b)
Start importing Assets/FPS/Prefabs/VFX/VFX_GunCylinder_Secondary Variant.prefab using Guid(40252b3901782c347a990f90ce729706) Importer(815301076,1909f56bfc062723c751e8b465ee728b)  -> (artifact id: '3b77aa0a87922ced07362ad990aa92a0') in 0.011469 seconds
  Import took 0.014289 seconds .

========================================================================
Received Import Request.
  Time since last request: 0.000283 seconds.
  path: Assets/FPS/Prefabs/VFX/VFX_AngrySteamTurret.prefab
  artifactKey: Guid(80a1c11596afc5b4e99fcd0cc136f3ed) Importer(815301076,1909f56bfc062723c751e8b465ee728b)
Start importing Assets/FPS/Prefabs/VFX/VFX_AngrySteamTurret.prefab using Guid(80a1c11596afc5b4e99fcd0cc136f3ed) Importer(815301076,1909f56bfc062723c751e8b465ee728b)  -> (artifact id: '8b4adc3a47df7db65b13d7d3e8b005f9') in 0.010464 seconds
  Import took 0.013333 seconds .

========================================================================
Received Import Request.
  Time since last request: 0.000205 seconds.
  path: Assets/FPS/Prefabs/VFX/VFX_Lava.prefab
  artifactKey: Guid(bf40d5ff22aca9d428655f63d45754f5) Importer(815301076,1909f56bfc062723c751e8b465ee728b)
Start importing Assets/FPS/Prefabs/VFX/VFX_Lava.prefab using Guid(bf40d5ff22aca9d428655f63d45754f5) Importer(815301076,1909f56bfc062723c751e8b465ee728b)  -> (artifact id: 'cd848bbd7612f243aec70d9056d36f86') in 0.010350 seconds
  Import took 0.012912 seconds .

========================================================================
Received Import Request.
  Time since last request: 0.000308 seconds.
  path: Assets/FPS/Prefabs/VFX/VFX_PickupSparkles.prefab
  artifactKey: Guid(4d1efaa062e333f4cbc4c3564702d135) Importer(815301076,1909f56bfc062723c751e8b465ee728b)
Start importing Assets/FPS/Prefabs/VFX/VFX_PickupSparkles.prefab using Guid(4d1efaa062e333f4cbc4c3564702d135) Importer(815301076,1909f56bfc062723c751e8b465ee728b)  -> (artifact id: '6497a86beb13da1d85e5aabb854b5496') in 0.010008 seconds
  Import took 0.012433 seconds .

========================================================================
Received Import Request.
  Time since last request: 0.000241 seconds.
  path: Assets/FPS/Prefabs/VFX/VFX_LazerSparksGreen.prefab
  artifactKey: Guid(a7d68b1a502e02a49b8efb1b86a8c931) Importer(815301076,1909f56bfc062723c751e8b465ee728b)
Start importing Assets/FPS/Prefabs/VFX/VFX_LazerSparksGreen.prefab using Guid(a7d68b1a502e02a49b8efb1b86a8c931) Importer(815301076,1909f56bfc062723c751e8b465ee728b)  -> (artifact id: '72b2b74eedf96b73a9f640589eabe327') in 0.010628 seconds
  Import took 0.013638 seconds .

========================================================================
Received Import Request.
  Time since last request: 0.000237 seconds.
  path: Assets/FPS/Prefabs/VFX/VFX_MuzzleFlashRed.prefab
  artifactKey: Guid(3f5b545b9a1e74c418b061bba5bb9e2c) Importer(815301076,1909f56bfc062723c751e8b465ee728b)
Start importing Assets/FPS/Prefabs/VFX/VFX_MuzzleFlashRed.prefab using Guid(3f5b545b9a1e74c418b061bba5bb9e2c) Importer(815301076,1909f56bfc062723c751e8b465ee728b)  -> (artifact id: 'fc948cb4b7fbe62b470da7eda4ae839b') in 0.010686 seconds
  Import took 0.013285 seconds .

========================================================================
Received Import Request.
  Time since last request: 0.000230 seconds.
  path: Assets/FPS/Prefabs/VFX/VFX_OverheatPrimary.prefab
  artifactKey: Guid(21c8bd050f24da54285f8a3987ee6253) Importer(815301076,1909f56bfc062723c751e8b465ee728b)
Start importing Assets/FPS/Prefabs/VFX/VFX_OverheatPrimary.prefab using Guid(21c8bd050f24da54285f8a3987ee6253) Importer(815301076,1909f56bfc062723c751e8b465ee728b)  -> (artifact id: '0ea50ea555cc527772078d4226b84287') in 0.010516 seconds
  Import took 0.013133 seconds .

========================================================================
Received Import Request.
  Time since last request: 0.000327 seconds.
  path: Assets/FPS/Prefabs/VFX/VFX_Dust.prefab
  artifactKey: Guid(ecdbb7f81f59b934cb72306019ee7a41) Importer(815301076,1909f56bfc062723c751e8b465ee728b)
Start importing Assets/FPS/Prefabs/VFX/VFX_Dust.prefab using Guid(ecdbb7f81f59b934cb72306019ee7a41) Importer(815301076,1909f56bfc062723c751e8b465ee728b)  -> (artifact id: '965e28c1a6c63d33438ca16f7f35b1dc') in 0.010207 seconds
  Import took 0.013421 seconds .

========================================================================
Received Import Request.
  Time since last request: 0.000252 seconds.
  path: Assets/FPS/Prefabs/VFX/VFX_Explosion.prefab
  artifactKey: Guid(45ce85b82008be84287f2c7e5bf07647) Importer(815301076,1909f56bfc062723c751e8b465ee728b)
Start importing Assets/FPS/Prefabs/VFX/VFX_Explosion.prefab using Guid(45ce85b82008be84287f2c7e5bf07647) Importer(815301076,1909f56bfc062723c751e8b465ee728b)  -> (artifact id: '2fec6358bb2094384a98f6fec669d7af') in 0.011964 seconds
  Import took 0.014931 seconds .

========================================================================
Received Import Request.
  Time since last request: 0.000221 seconds.
  path: Assets/FPS/Prefabs/VFX/VFX_JetpackTrail.prefab
  artifactKey: Guid(7468cd18030a0204ab08baf7ac36ff1e) Importer(815301076,1909f56bfc062723c751e8b465ee728b)
Start importing Assets/FPS/Prefabs/VFX/VFX_JetpackTrail.prefab using Guid(7468cd18030a0204ab08baf7ac36ff1e) Importer(815301076,1909f56bfc062723c751e8b465ee728b)  -> (artifact id: '3514035d8812a9930016635b80dd3de2') in 0.010380 seconds
  Import took 0.013221 seconds .

========================================================================
Received Import Request.
  Time since last request: 0.000300 seconds.
  path: Assets/FPS/Prefabs/VFX/VFX_HoverBot_Explosion.prefab
  artifactKey: Guid(2a8f5052fe50f7b41b17149abb0f7414) Importer(815301076,1909f56bfc062723c751e8b465ee728b)
Start importing Assets/FPS/Prefabs/VFX/VFX_HoverBot_Explosion.prefab using Guid(2a8f5052fe50f7b41b17149abb0f7414) Importer(815301076,1909f56bfc062723c751e8b465ee728b)  -> (artifact id: '3baa5045f4ea2a6275a446671a8e1326') in 0.011423 seconds
  Import took 0.014340 seconds .

========================================================================
Received Import Request.
  Time since last request: 0.000360 seconds.
  path: Assets/FPS/Prefabs/VFX/VFX_MuzzleFlashGreen.prefab
  artifactKey: Guid(9f671b22f25370048a18fb1f821294ec) Importer(815301076,1909f56bfc062723c751e8b465ee728b)
Start importing Assets/FPS/Prefabs/VFX/VFX_MuzzleFlashGreen.prefab using Guid(9f671b22f25370048a18fb1f821294ec) Importer(815301076,1909f56bfc062723c751e8b465ee728b)  -> (artifact id: '82c5b79900b718d9f3487a1cc0bc1854') in 0.010271 seconds
  Import took 0.013032 seconds .

========================================================================
Received Import Request.
  Time since last request: 15.545302 seconds.
  path: Assets/FPS/Art/Materials/VFX/Spark.mat
  artifactKey: Guid(93c163e6f58fe2242964723bdb6ff7ef) Importer(815301076,1909f56bfc062723c751e8b465ee728b)
Start importing Assets/FPS/Art/Materials/VFX/Spark.mat using Guid(93c163e6f58fe2242964723bdb6ff7ef) Importer(815301076,1909f56bfc062723c751e8b465ee728b)  -> (artifact id: 'bcaa34c8d673137bbc7fee4e77a8311c') in 0.037160 seconds
  Import took 0.039802 seconds .

========================================================================
Received Import Request.
  Time since last request: 3.028559 seconds.
  path: Assets/FPS/Art/Materials/VFX/Dust.mat
  artifactKey: Guid(2d3fb4655ab03304eb074bfde7c94c42) Importer(815301076,1909f56bfc062723c751e8b465ee728b)
Start importing Assets/FPS/Art/Materials/VFX/Dust.mat using Guid(2d3fb4655ab03304eb074bfde7c94c42) Importer(815301076,1909f56bfc062723c751e8b465ee728b)  -> (artifact id: 'bc9ec46c19d7b34c9f5338b9c4ce6bca') in 0.023392 seconds
  Import took 0.026088 seconds .

========================================================================
Received Import Request.
  Time since last request: 78.127180 seconds.
  path: Assets/FPS/Art/Materials/Skybox.mat
  artifactKey: Guid(dbc92a4fb93cbec44b044e6a6ea325ea) Importer(815301076,1909f56bfc062723c751e8b465ee728b)
Start importing Assets/FPS/Art/Materials/Skybox.mat using Guid(dbc92a4fb93cbec44b044e6a6ea325ea) Importer(815301076,1909f56bfc062723c751e8b465ee728b)  -> (artifact id: 'e7c4146ce211d15026a12218b0e0da2f') in 0.034751 seconds
  Import took 0.037462 seconds .

========================================================================
Received Import Request.
  Time since last request: 0.000253 seconds.
  path: Assets/FPS/Art/Textures/Backgrounds/Unity_skyboxBG01.png
  artifactKey: Guid(703ee319755f5a54db307a6a3aa88b73) Importer(815301076,1909f56bfc062723c751e8b465ee728b)
Start importing Assets/FPS/Art/Textures/Backgrounds/Unity_skyboxBG01.png using Guid(703ee319755f5a54db307a6a3aa88b73) Importer(815301076,1909f56bfc062723c751e8b465ee728b)  -> (artifact id: 'eebaafadd6e77ed3c3eb1a54fdc4d137') in 0.076763 seconds
  Import took 0.079116 seconds .

========================================================================
Received Import Request.
  Time since last request: 0.000242 seconds.
  path: Assets/FPS/Art/Textures/Backgrounds/UnityTutorial_Skybox05_4k.png
  artifactKey: Guid(0d0a423573bb73342ba21395be8500ad) Importer(815301076,1909f56bfc062723c751e8b465ee728b)
Start importing Assets/FPS/Art/Textures/Backgrounds/UnityTutorial_Skybox05_4k.png using Guid(0d0a423573bb73342ba21395be8500ad) Importer(815301076,1909f56bfc062723c751e8b465ee728b)  -> (artifact id: 'fb605e5808979af9f8f286445bd8a16e') in 0.028831 seconds
  Import took 0.031092 seconds .

========================================================================
Received Import Request.
  Time since last request: 0.000260 seconds.
  path: Assets/FPS/Art/Textures/Backgrounds/Unity_skyboxBG02.png
  artifactKey: Guid(91c91768bbde1d24da879a8907f0edd5) Importer(815301076,1909f56bfc062723c751e8b465ee728b)
Start importing Assets/FPS/Art/Textures/Backgrounds/Unity_skyboxBG02.png using Guid(91c91768bbde1d24da879a8907f0edd5) Importer(815301076,1909f56bfc062723c751e8b465ee728b)  -> (artifact id: '8ace2c7167bdbdaaed2963eabff1ef2d') in 0.025996 seconds
  Import took 0.028251 seconds .

========================================================================
Received Import Request.
  Time since last request: 4.677072 seconds.
  path: Assets/FPS/Art/Materials/ObjectiveReachPoint.mat
  artifactKey: Guid(f7ca4b4869bf6e34c82313b54df6d8d4) Importer(815301076,1909f56bfc062723c751e8b465ee728b)
Start importing Assets/FPS/Art/Materials/ObjectiveReachPoint.mat using Guid(f7ca4b4869bf6e34c82313b54df6d8d4) Importer(815301076,1909f56bfc062723c751e8b465ee728b)  -> (artifact id: 'd61b54a9567f29064709b74576fedc77') in 0.017569 seconds
  Import took 0.020225 seconds .

========================================================================
Received Import Request.
  Time since last request: 0.000262 seconds.
  path: Assets/FPS/Art/Materials/TrailDeath.mat
  artifactKey: Guid(a74eef6270cec6b4c9dfed0e7aa93cf6) Importer(815301076,1909f56bfc062723c751e8b465ee728b)
Start importing Assets/FPS/Art/Materials/TrailDeath.mat using Guid(a74eef6270cec6b4c9dfed0e7aa93cf6) Importer(815301076,1909f56bfc062723c751e8b465ee728b)  -> (artifact id: 'e347f1ba5cc9da96a093da6e98030e57') in 0.052837 seconds
  Import took 0.055050 seconds .

========================================================================
Received Import Request.
  Time since last request: 0.000254 seconds.
  path: Assets/FPS/Art/Materials/SpeedLine.mat
  artifactKey: Guid(51b4b159ffad18a408fe75b6f8ccbc2f) Importer(815301076,1909f56bfc062723c751e8b465ee728b)
Start importing Assets/FPS/Art/Materials/SpeedLine.mat using Guid(51b4b159ffad18a408fe75b6f8ccbc2f) Importer(815301076,1909f56bfc062723c751e8b465ee728b)  -> (artifact id: '90abfe43496e810126fcc657c12866e2') in 0.023239 seconds
  Import took 0.025887 seconds .

========================================================================
Received Import Request.
  Time since last request: 0.001864 seconds.
  path: Assets/FPS/Art/Materials/SpeedLine.mat
  artifactKey: Guid(51b4b159ffad18a408fe75b6f8ccbc2f) Importer(815301076,1909f56bfc062723c751e8b465ee728b)
Start importing Assets/FPS/Art/Materials/SpeedLine.mat using Guid(51b4b159ffad18a408fe75b6f8ccbc2f) Importer(815301076,1909f56bfc062723c751e8b465ee728b)  -> (artifact id: '90abfe43496e810126fcc657c12866e2') in 0.014688 seconds
  Import took 0.017396 seconds .

========================================================================
Received Import Request.
  Time since last request: 10.082744 seconds.
  path: Assets/ModAssets/Textures/billboard_2D_basic_mask.png
  artifactKey: Guid(ddff50e8139db4a99976adb5f40c79f0) Importer(815301076,1909f56bfc062723c751e8b465ee728b)
Start importing Assets/ModAssets/Textures/billboard_2D_basic_mask.png using Guid(ddff50e8139db4a99976adb5f40c79f0) Importer(815301076,1909f56bfc062723c751e8b465ee728b)  -> (artifact id: '87e714df9339d04b3225208e8ec2cd5e') in 0.019288 seconds
  Import took 0.022134 seconds .

========================================================================
Received Import Request.
  Time since last request: 0.000254 seconds.
  path: Assets/ModAssets/Models/AncientProps/Obelisk.fbx
  artifactKey: Guid(b5f62aa1f09e3403baa23022a5d9e4b1) Importer(815301076,1909f56bfc062723c751e8b465ee728b)
Start importing Assets/ModAssets/Models/AncientProps/Obelisk.fbx using Guid(b5f62aa1f09e3403baa23022a5d9e4b1) Importer(815301076,1909f56bfc062723c751e8b465ee728b)  -> (artifact id: '4c1e7dced2825cc4100a7a6f01b1de28') in 0.224275 seconds
  Import took 0.226771 seconds .

========================================================================
Received Import Request.
  Time since last request: 0.000156 seconds.
  path: Assets/FPS/Art/Materials/VFX/DiskExplosion.mat
  artifactKey: Guid(133346923945d9f4db816ec7db12fd03) Importer(815301076,1909f56bfc062723c751e8b465ee728b)
Start importing Assets/FPS/Art/Materials/VFX/DiskExplosion.mat using Guid(133346923945d9f4db816ec7db12fd03) Importer(815301076,1909f56bfc062723c751e8b465ee728b)  -> (artifact id: '0baf0b17fe8a3ab0ef43a5427c1dddb7') in 0.019360 seconds
  Import took 0.021819 seconds .

========================================================================
Received Import Request.
  Time since last request: 0.000205 seconds.
  path: Assets/FPS/Art/Materials/VFX/DiskSpinning.mat
  artifactKey: Guid(968af284edcef924bb56ad46d60123e6) Importer(815301076,1909f56bfc062723c751e8b465ee728b)
Start importing Assets/FPS/Art/Materials/VFX/DiskSpinning.mat using Guid(968af284edcef924bb56ad46d60123e6) Importer(815301076,1909f56bfc062723c751e8b465ee728b)  -> (artifact id: 'cc9d9a5192d45546126bde720d56df31') in 0.056407 seconds
  Import took 0.058930 seconds .

========================================================================
Received Import Request.
  Time since last request: 0.000182 seconds.
  path: Assets/ModAssets/Textures/billboard_2D_tall_mask.png
  artifactKey: Guid(bbe8d33a81a0549ce8ab1cee4aa7db2a) Importer(815301076,1909f56bfc062723c751e8b465ee728b)
Start importing Assets/ModAssets/Textures/billboard_2D_tall_mask.png using Guid(bbe8d33a81a0549ce8ab1cee4aa7db2a) Importer(815301076,1909f56bfc062723c751e8b465ee728b)  -> (artifact id: '720ba6eb392a8386f8b21b9617ed71a8') in 0.016844 seconds
  Import took 0.019263 seconds .

========================================================================
Received Import Request.
  Time since last request: 0.000275 seconds.
  path: Assets/FPS/Art/Materials/VFX/DiskExplosionRange.mat
  artifactKey: Guid(4f2fb46f738b103429ec2625eeb40639) Importer(815301076,1909f56bfc062723c751e8b465ee728b)
Start importing Assets/FPS/Art/Materials/VFX/DiskExplosionRange.mat using Guid(4f2fb46f738b103429ec2625eeb40639) Importer(815301076,1909f56bfc062723c751e8b465ee728b)  -> (artifact id: '325516f3803794c20662de3b825360b5') in 0.048585 seconds
  Import took 0.051071 seconds .

========================================================================
Received Import Request.
  Time since last request: 0.000145 seconds.
  path: Assets/ModAssets/Textures/billboard_2D_wide_mask.png
  artifactKey: Guid(d88311d2ea92740ed9e0274f02825ccf) Importer(815301076,1909f56bfc062723c751e8b465ee728b)
Start importing Assets/ModAssets/Textures/billboard_2D_wide_mask.png using Guid(d88311d2ea92740ed9e0274f02825ccf) Importer(815301076,1909f56bfc062723c751e8b465ee728b)  -> (artifact id: '871457a4c2012b539f73957aef9085b5') in 0.017321 seconds
  Import took 0.019635 seconds .

========================================================================
Received Import Request.
  Time since last request: 0.000221 seconds.
  path: Assets/FPS/Art/Models/Mesh_ExplosionDisk.fbx
  artifactKey: Guid(0b19a2ad6ee6e8444919efa02deb1db2) Importer(815301076,1909f56bfc062723c751e8b465ee728b)
Start importing Assets/FPS/Art/Models/Mesh_ExplosionDisk.fbx using Guid(0b19a2ad6ee6e8444919efa02deb1db2) Importer(815301076,1909f56bfc062723c751e8b465ee728b)  -> (artifact id: '77def2dc08fca5243715c0b9a17b99d9') in 0.022065 seconds
  Import took 0.024932 seconds .

========================================================================
Received Import Request.
  Time since last request: 8.990874 seconds.
  path: Assets/FPS/Art
  artifactKey: Guid(1e6659ad4e9fef64bbfd302c5e31496c) Importer(815301076,1909f56bfc062723c751e8b465ee728b)
Start importing Assets/FPS/Art using Guid(1e6659ad4e9fef64bbfd302c5e31496c) Importer(815301076,1909f56bfc062723c751e8b465ee728b)  -> (artifact id: 'da7142f498b7b27560b1f62ce491081c') in 0.007523 seconds
  Import took 0.010193 seconds .

========================================================================
Received Import Request.
  Time since last request: 3.303467 seconds.
  path: Assets/FPS/Animation
  artifactKey: Guid(1196d99c6d2bcd143a6841927e1edab1) Importer(815301076,1909f56bfc062723c751e8b465ee728b)
Start importing Assets/FPS/Animation using Guid(1196d99c6d2bcd143a6841927e1edab1) Importer(815301076,1909f56bfc062723c751e8b465ee728b)  -> (artifact id: '056c4608524468e21dd81dcbaaa1059c') in 0.007600 seconds
  Import took 0.010337 seconds .

========================================================================
Received Import Request.
  Time since last request: 0.636340 seconds.
  path: Assets/FPS/Audio
  artifactKey: Guid(737a7d6206c0e4c438775dc48374bde5) Importer(815301076,1909f56bfc062723c751e8b465ee728b)
Start importing Assets/FPS/Audio using Guid(737a7d6206c0e4c438775dc48374bde5) Importer(815301076,1909f56bfc062723c751e8b465ee728b)  -> (artifact id: '6dacb6171763c9b45fcfd0a06ffdc1de') in 0.007736 seconds
  Import took 0.010846 seconds .

========================================================================
Received Import Request.
  Time since last request: 0.000602 seconds.
  path: Assets/FPS/Audio
  artifactKey: Guid(737a7d6206c0e4c438775dc48374bde5) Importer(815301076,1909f56bfc062723c751e8b465ee728b)
Start importing Assets/FPS/Audio using Guid(737a7d6206c0e4c438775dc48374bde5) Importer(815301076,1909f56bfc062723c751e8b465ee728b)  -> (artifact id: '6dacb6171763c9b45fcfd0a06ffdc1de') in 0.003834 seconds
  Import took 0.006672 seconds .

========================================================================
Received Import Request.
  Time since last request: 2.247715 seconds.
  path: Assets/FPS/Scripts
  artifactKey: Guid(89d893d3c0b4940429a7933e49e80f98) Importer(815301076,1909f56bfc062723c751e8b465ee728b)
Start importing Assets/FPS/Scripts using Guid(89d893d3c0b4940429a7933e49e80f98) Importer(815301076,1909f56bfc062723c751e8b465ee728b)  -> (artifact id: '75657766ba861e1fc0f4ad1438ac63d1') in 0.006855 seconds
  Import took 0.010005 seconds .

========================================================================
Received Import Request.
  Time since last request: 0.327210 seconds.
  path: Assets/FPS/Tutorials
  artifactKey: Guid(2b0dab40fbceaea4f848f8b2fe7bf06a) Importer(815301076,1909f56bfc062723c751e8b465ee728b)
Start importing Assets/FPS/Tutorials using Guid(2b0dab40fbceaea4f848f8b2fe7bf06a) Importer(815301076,1909f56bfc062723c751e8b465ee728b)  -> (artifact id: 'aa59a8b24f341a98b2c494c1c8a5bfcc') in 0.007548 seconds
  Import took 0.010051 seconds .

========================================================================
Received Import Request.
  Time since last request: 2.349682 seconds.
  path: Assets/FPS/Scenes/SecondaryScene
  artifactKey: Guid(7ca5e474e838a5c41aa44c35cfc8e7c1) Importer(815301076,1909f56bfc062723c751e8b465ee728b)
Start importing Assets/FPS/Scenes/SecondaryScene using Guid(7ca5e474e838a5c41aa44c35cfc8e7c1) Importer(815301076,1909f56bfc062723c751e8b465ee728b)  -> (artifact id: '3636475cc9a125bdc783fda9ed403605') in 0.007443 seconds
  Import took 0.010154 seconds .

========================================================================
Received Import Request.
  Time since last request: 0.000694 seconds.
  path: Assets/FPS/Scenes/SecondaryScene
  artifactKey: Guid(7ca5e474e838a5c41aa44c35cfc8e7c1) Importer(815301076,1909f56bfc062723c751e8b465ee728b)
Start importing Assets/FPS/Scenes/SecondaryScene using Guid(7ca5e474e838a5c41aa44c35cfc8e7c1) Importer(815301076,1909f56bfc062723c751e8b465ee728b)  -> (artifact id: '3636475cc9a125bdc783fda9ed403605') in 0.003959 seconds
  Import took 0.006906 seconds .

========================================================================
Received Import Request.
  Time since last request: 0.119106 seconds.
  path: Assets/FPS/Scenes/SecondaryScene/LightingData.asset
  artifactKey: Guid(71d822b50dbb0ee48818734bde93a095) Importer(815301076,1909f56bfc062723c751e8b465ee728b)
Start importing Assets/FPS/Scenes/SecondaryScene/LightingData.asset using Guid(71d822b50dbb0ee48818734bde93a095) Importer(815301076,1909f56bfc062723c751e8b465ee728b)  -> (artifact id: 'a75a2377f29d16dd01314d0cd7fbea65') in 0.008925 seconds
  Import took 0.012350 seconds .

========================================================================
Received Import Request.
  Time since last request: 0.000249 seconds.
  path: Assets/FPS/Scenes/SecondaryScene/ReflectionProbe-0.exr
  artifactKey: Guid(40e1099eebbdfe945aa398b9989279cd) Importer(815301076,1909f56bfc062723c751e8b465ee728b)
Start importing Assets/FPS/Scenes/SecondaryScene/ReflectionProbe-0.exr using Guid(40e1099eebbdfe945aa398b9989279cd) Importer(815301076,1909f56bfc062723c751e8b465ee728b)  -> (artifact id: '144d5539e1cd87a54d6df3dfdca7ba85') in 0.031845 seconds
  Import took 0.034256 seconds .

========================================================================
Received Import Request.
  Time since last request: 0.000230 seconds.
  path: Assets/FPS/Scenes/SecondaryScene/NavMesh.asset
  artifactKey: Guid(3aee75ef7e48d84489c3662698b9b49f) Importer(815301076,1909f56bfc062723c751e8b465ee728b)
Start importing Assets/FPS/Scenes/SecondaryScene/NavMesh.asset using Guid(3aee75ef7e48d84489c3662698b9b49f) Importer(815301076,1909f56bfc062723c751e8b465ee728b)  -> (artifact id: 'e22ec96bda84f133898a87cdc0816407') in 0.009180 seconds
  Import took 0.011434 seconds .

========================================================================
Received Import Request.
  Time since last request: 226.320001 seconds.
  path: Assets/Scenes
  artifactKey: Guid(65f0c5f301c6dc54596a6a54a95a6d44) Importer(815301076,1909f56bfc062723c751e8b465ee728b)
Start importing Assets/Scenes using Guid(65f0c5f301c6dc54596a6a54a95a6d44) Importer(815301076,1909f56bfc062723c751e8b465ee728b)  -> (artifact id: '6b27e3d400036c747fcb9c63bb6c8995') in 0.008465 seconds
  Import took 0.011612 seconds .

========================================================================
Received Import Request.
  Time since last request: 0.701009 seconds.
  path: Assets/Scenes/SampleScene.unity
  artifactKey: Guid(9fc0d4010bbf28b4594072e72b8655ab) Importer(815301076,1909f56bfc062723c751e8b465ee728b)
Start importing Assets/Scenes/SampleScene.unity using Guid(9fc0d4010bbf28b4594072e72b8655ab) Importer(815301076,1909f56bfc062723c751e8b465ee728b)  -> (artifact id: '0df8a2db0f1d77b97665fe5146c05148') in 0.007694 seconds
  Import took 0.010210 seconds .

========================================================================
Received Import Request.
  Time since last request: 36.498696 seconds.
  path: Assets
  artifactKey: Guid(00000000000000001000000000000000) Importer(815301076,1909f56bfc062723c751e8b465ee728b)
Start importing Assets using Guid(00000000000000001000000000000000) Importer(815301076,1909f56bfc062723c751e8b465ee728b)  -> (artifact id: '4cfc5f0218ae52137ceec62152cae6a9') in 0.007100 seconds
  Import took 0.009550 seconds .

========================================================================
Received Import Request.
  Time since last request: 11.114617 seconds.
  path: Assets/Metarial
  artifactKey: Guid(dab90f15cd27af94aa9f92f1499aa361) Importer(815301076,1909f56bfc062723c751e8b465ee728b)
Start importing Assets/Metarial using Guid(dab90f15cd27af94aa9f92f1499aa361) Importer(815301076,1909f56bfc062723c751e8b465ee728b)  -> (artifact id: '6377d92417a0dd21164fe7b31609a519') in 0.007727 seconds
  Import took 0.010294 seconds .

========================================================================
Received Import Request.
  Time since last request: 29.573746 seconds.
  path: Assets/Metarial/New Render Texture.renderTexture
  artifactKey: Guid(0765845b73c26ca4daaaf6544c5b7ba9) Importer(815301076,1909f56bfc062723c751e8b465ee728b)
Start importing Assets/Metarial/New Render Texture.renderTexture using Guid(0765845b73c26ca4daaaf6544c5b7ba9) Importer(815301076,1909f56bfc062723c751e8b465ee728b)  -> (artifact id: 'd05c0910dc5bd70d0fc0cfca16ab8724') in 0.025406 seconds
  Import took 0.028031 seconds .

========================================================================
Received Import Request.
  Time since last request: 17.750767 seconds.
  path: Assets/Metarial/New Custom Render Texture.asset
  artifactKey: Guid(4144db4652aa2e44881ca8f54788070c) Importer(815301076,1909f56bfc062723c751e8b465ee728b)
Start importing Assets/Metarial/New Custom Render Texture.asset using Guid(4144db4652aa2e44881ca8f54788070c) Importer(815301076,1909f56bfc062723c751e8b465ee728b)  -> (artifact id: '31a09afdbca5fce6dd99189397a63e28') in 0.023837 seconds
  Import took 0.026969 seconds .

========================================================================
Received Import Request.
  Time since last request: 18.749977 seconds.
  path: Assets/Metarial/New Material.mat
  artifactKey: Guid(22886bb87ba388c40873c99a42837672) Importer(815301076,1909f56bfc062723c751e8b465ee728b)
Start importing Assets/Metarial/New Material.mat using Guid(22886bb87ba388c40873c99a42837672) Importer(815301076,1909f56bfc062723c751e8b465ee728b)  -> (artifact id: 'f258171933cac4ec6ca123467f300424') in 0.028589 seconds
  Import took 0.031203 seconds .

========================================================================
Received Import Request.
  Time since last request: 34.979329 seconds.
  path: Assets/NavMeshComponents
  artifactKey: Guid(daa7c313dfe9f9e4687d939ae00429b6) Importer(815301076,1909f56bfc062723c751e8b465ee728b)
Start importing Assets/NavMeshComponents using Guid(daa7c313dfe9f9e4687d939ae00429b6) Importer(815301076,1909f56bfc062723c751e8b465ee728b)  -> (artifact id: '21b03e228967ce6a799230010913ffb9') in 0.008020 seconds
  Import took 0.010855 seconds .

========================================================================
Received Import Request.
  Time since last request: 1148.439088 seconds.
  path: Assets/FPS/Prefabs/Enemies
  artifactKey: Guid(18823e7e7ece9234c8632787001b69a3) Importer(815301076,1909f56bfc062723c751e8b465ee728b)
Start importing Assets/FPS/Prefabs/Enemies using Guid(18823e7e7ece9234c8632787001b69a3) Importer(815301076,1909f56bfc062723c751e8b465ee728b)  -> (artifact id: 'fdb29dd8c5fe2c89f926989a633d76ba') in 0.008334 seconds
  Import took 0.011607 seconds .

========================================================================
Received Import Request.
  Time since last request: 0.068865 seconds.
  path: Assets/FPS/Prefabs/Enemies/Enemy_HoverBot.prefab
  artifactKey: Guid(25a1b0efadb966e44889fce712c8ff8d) Importer(815301076,1909f56bfc062723c751e8b465ee728b)
Start importing Assets/FPS/Prefabs/Enemies/Enemy_HoverBot.prefab using Guid(25a1b0efadb966e44889fce712c8ff8d) Importer(815301076,1909f56bfc062723c751e8b465ee728b)  -> (artifact id: '59894c8d6a119a7c74c6aebc22e0bb9a') in 2.119566 seconds
  Import took 2.124364 seconds .

========================================================================
Received Import Request.
  Time since last request: 0.000253 seconds.
  path: Assets/FPS/Prefabs/Enemies/Enemy_Turret.prefab
  artifactKey: Guid(e29d43f43cc5d82499dd9926e01847d3) Importer(815301076,1909f56bfc062723c751e8b465ee728b)
Start importing Assets/FPS/Prefabs/Enemies/Enemy_Turret.prefab using Guid(e29d43f43cc5d82499dd9926e01847d3) Importer(815301076,1909f56bfc062723c751e8b465ee728b)  -> (artifact id: '9520b8f9a617a41abe0f76e27457a34d') in 0.148943 seconds
  Import took 0.153197 seconds .

========================================================================
Received Import Request.
  Time since last request: 39.515571 seconds.
  path: Assets/FPS/Scenes/MainScene.unity
  artifactKey: Guid(d794a2ef8ba31d847ad3c19d03e2ddb9) Importer(815301076,1909f56bfc062723c751e8b465ee728b)
Start importing Assets/FPS/Scenes/MainScene.unity using Guid(d794a2ef8ba31d847ad3c19d03e2ddb9) Importer(815301076,1909f56bfc062723c751e8b465ee728b)  -> (artifact id: '57ae78f31064d5bf62dd0588310bac1c') in 0.008852 seconds
  Import took 0.011591 seconds .

AssetImportWorkerClient::OnTransportError - code=2 error=End of file
