Using pre-set license
Built from '2020.3/china_unity/release' branch; Version is '2020.3.1f1c1 (3e9f4b065a9d) revision 4104011'; Using compiler version '192528614'; Build Type 'Release'
OS: 'Windows 10 Pro; OS build 18363.1440; Version 1909; 64bit' Language: 'zh' Physical Memory: 16258 MB
BatchMode: 1, IsHumanControllingUs: 0, StartBugReporterOnCrash: 0, Is64bit: 1, IsPro: 0

 COMMAND LINE ARGUMENTS:
C:\Program Files\Unity\Hub\Editor\2020.3.1f1c1\Editor\Unity.exe
-adb2
-batchMode
-noUpm
-name
AssetImportWorker0
-projectPath
E:/unityPj/New Unity Project (9)/RogueFPS
-logFile
Logs/AssetImportWorker0.log
-srvPort
49709
Successfully changed project path to: E:/unityPj/New Unity Project (9)/RogueFPS
E:/unityPj/New Unity Project (9)/RogueFPS
Using Asset Import Pipeline V2.
Refreshing native plugins compatible for Editor in 35.85 ms, found 0 plugins.
Preloading 0 native plugins for Editor in 0.00 ms.
Initialize engine version: 2020.3.1f1c1 (3e9f4b065a9d)
[Subsystems] Discovering subsystems at path C:/Program Files/Unity/Hub/Editor/2020.3.1f1c1/Editor/Data/Resources/UnitySubsystems
[Subsystems] Discovering subsystems at path E:/unityPj/New Unity Project (9)/RogueFPS/Assets
GfxDevice: creating device client; threaded=0
Direct3D:
    Version:  Direct3D 11.0 [level 11.1]
    Renderer: NVIDIA GeForce RTX 2060 SUPER (ID=0x1f06)
    Vendor:   
    VRAM:     8031 MB
    Driver:   27.21.14.6093
Initialize mono
Mono path[0] = 'C:/Program Files/Unity/Hub/Editor/2020.3.1f1c1/Editor/Data/Managed'
Mono path[1] = 'C:/Program Files/Unity/Hub/Editor/2020.3.1f1c1/Editor/Data/MonoBleedingEdge/lib/mono/unityjit'
Mono config path = 'C:/Program Files/Unity/Hub/Editor/2020.3.1f1c1/Editor/Data/MonoBleedingEdge/etc'
Using monoOptions --debugger-agent=transport=dt_socket,embedding=1,server=y,suspend=n,address=127.0.0.1:56524
Begin MonoManager ReloadAssembly
Registering precompiled unity dll's ...
Register platform support module: C:/Program Files/Unity/Hub/Editor/2020.3.1f1c1/Editor/Data/PlaybackEngines/WebGLSupport/UnityEditor.WebGL.Extensions.dll
Register platform support module: C:/Program Files/Unity/Hub/Editor/2020.3.1f1c1/Editor/Data/PlaybackEngines/WindowsStandaloneSupport/UnityEditor.WindowsStandalone.Extensions.dll
Registered in 0.003694 seconds.
Native extension for WindowsStandalone target not found
Native extension for WebGL target not found
Refreshing native plugins compatible for Editor in 38.76 ms, found 0 plugins.
Preloading 0 native plugins for Editor in 0.00 ms.
Invoked RoslynAnalysisRunner static constructor.
RoslynAnalysisRunner will not be running.
RoslynAnalysisRunner has terminated.
Mono: successfully reloaded assembly
- Completed reload, in  1.044 seconds
Platform modules already initialized, skipping
Registering precompiled user dll's ...
Registered in 0.003174 seconds.
Begin MonoManager ReloadAssembly
Native extension for WindowsStandalone target not found
Native extension for WebGL target not found
Refreshing native plugins compatible for Editor in 0.37 ms, found 0 plugins.
Preloading 0 native plugins for Editor in 0.00 ms.
Invoked RoslynAnalysisRunner static constructor.
RoslynAnalysisRunner will not be running.
RoslynAnalysisRunner has terminated.
Mono: successfully reloaded assembly
- Completed reload, in  1.059 seconds
Platform modules already initialized, skipping
========================================================================
Worker process is ready to serve import requests
Launched and connected shader compiler UnityShaderCompiler.exe after 0.03 seconds
Refreshing native plugins compatible for Editor in 0.40 ms, found 0 plugins.
Preloading 0 native plugins for Editor in 0.00 ms.
Unloading 1808 Unused Serialized files (Serialized files now loaded: 0)
System memory in use before: 155.3 MB.
System memory in use after: 155.4 MB.

Unloading 73 unused Assets to reduce memory usage. Loaded Objects now: 2254.
Total: 2.345800 ms (FindLiveObjects: 0.201500 ms CreateObjectMapping: 0.058400 ms MarkObjects: 1.888600 ms  DeleteObjects: 0.196400 ms)

========================================================================
Received Import Request.
  path: Assets/FPS/Prefabs/GameManager.prefab
  artifactKey: Guid(c996b53e9f849234393d1e90f68d1679) Importer(815301076,1909f56bfc062723c751e8b465ee728b)
Start importing Assets/FPS/Prefabs/GameManager.prefab using Guid(c996b53e9f849234393d1e90f68d1679) Importer(815301076,1909f56bfc062723c751e8b465ee728b)  -> (artifact id: '1911c924cb5f01fe36fa7e2f9ef1c6de') in 0.169994 seconds
  Import took 0.173470 seconds .

========================================================================
Received Import Request.
  Time since last request: 0.960275 seconds.
  path: Assets/FPS/Prefabs/GameManager.prefab
  artifactKey: Guid(c996b53e9f849234393d1e90f68d1679) Importer(815301076,1909f56bfc062723c751e8b465ee728b)
Start importing Assets/FPS/Prefabs/GameManager.prefab using Guid(c996b53e9f849234393d1e90f68d1679) Importer(815301076,1909f56bfc062723c751e8b465ee728b)  -> (artifact id: '4915f303063975cefcc590e177465b06') in 0.080642 seconds
  Import took 0.084211 seconds .

========================================================================
Received Import Request.
  Time since last request: 6.077738 seconds.
  path: Assets/FPS/Prefabs/GameManager.prefab
  artifactKey: Guid(c996b53e9f849234393d1e90f68d1679) Importer(815301076,1909f56bfc062723c751e8b465ee728b)
Start importing Assets/FPS/Prefabs/GameManager.prefab using Guid(c996b53e9f849234393d1e90f68d1679) Importer(815301076,1909f56bfc062723c751e8b465ee728b)  -> (artifact id: 'af4517330cf2c0684d296023771e70e7') in 0.078702 seconds
  Import took 0.082329 seconds .

========================================================================
Received Import Request.
  Time since last request: 5.318959 seconds.
  path: Assets/FPS/Prefabs/GameManager.prefab
  artifactKey: Guid(c996b53e9f849234393d1e90f68d1679) Importer(815301076,1909f56bfc062723c751e8b465ee728b)
Start importing Assets/FPS/Prefabs/GameManager.prefab using Guid(c996b53e9f849234393d1e90f68d1679) Importer(815301076,1909f56bfc062723c751e8b465ee728b)  -> (artifact id: 'bcd57ce1cf94887df67718b076afbb71') in 0.078285 seconds
  Import took 0.081820 seconds .

========================================================================
Received Import Request.
  Time since last request: 12.466916 seconds.
  path: Assets/FPS/Prefabs/GameManager.prefab
  artifactKey: Guid(c996b53e9f849234393d1e90f68d1679) Importer(815301076,1909f56bfc062723c751e8b465ee728b)
Start importing Assets/FPS/Prefabs/GameManager.prefab using Guid(c996b53e9f849234393d1e90f68d1679) Importer(815301076,1909f56bfc062723c751e8b465ee728b)  -> (artifact id: '53e6bb88b8be6db2a678d43981123cf1') in 0.079459 seconds
  Import took 0.083474 seconds .

========================================================================
Received Import Request.
  Time since last request: 4.566120 seconds.
  path: Assets/FPS/Prefabs/GameManager.prefab
  artifactKey: Guid(c996b53e9f849234393d1e90f68d1679) Importer(815301076,1909f56bfc062723c751e8b465ee728b)
Start importing Assets/FPS/Prefabs/GameManager.prefab using Guid(c996b53e9f849234393d1e90f68d1679) Importer(815301076,1909f56bfc062723c751e8b465ee728b)  -> (artifact id: 'b51be1c3dd646f13afb0254f8fd975ac') in 0.080391 seconds
  Import took 0.084173 seconds .

========================================================================
Received Import Request.
  Time since last request: 2.966960 seconds.
  path: Assets/FPS/Prefabs/GameManager.prefab
  artifactKey: Guid(c996b53e9f849234393d1e90f68d1679) Importer(815301076,1909f56bfc062723c751e8b465ee728b)
Start importing Assets/FPS/Prefabs/GameManager.prefab using Guid(c996b53e9f849234393d1e90f68d1679) Importer(815301076,1909f56bfc062723c751e8b465ee728b)  -> (artifact id: '66f861622770b9d9bcefaa5c99a5911c') in 0.079470 seconds
  Import took 0.082927 seconds .

========================================================================
Received Import Request.
  Time since last request: 36.103018 seconds.
  path: Assets/FPS/Prefabs/GameManager.prefab
  artifactKey: Guid(c996b53e9f849234393d1e90f68d1679) Importer(815301076,1909f56bfc062723c751e8b465ee728b)
Start importing Assets/FPS/Prefabs/GameManager.prefab using Guid(c996b53e9f849234393d1e90f68d1679) Importer(815301076,1909f56bfc062723c751e8b465ee728b)  -> (artifact id: 'cf036a5c3729c8d2abd26e4bb6c35a6b') in 0.079709 seconds
  Import took 0.083743 seconds .

========================================================================
Received Import Request.
  Time since last request: 6.716727 seconds.
  path: Assets/FPS/Tutorials/DialogHeader_FPS.png
  artifactKey: Guid(6e279173c7e6446bfbf2744726e35598) Importer(815301076,1909f56bfc062723c751e8b465ee728b)
Start importing Assets/FPS/Tutorials/DialogHeader_FPS.png using Guid(6e279173c7e6446bfbf2744726e35598) Importer(815301076,1909f56bfc062723c751e8b465ee728b)  -> (artifact id: '595c3977652c9cf6afb972f9e29162dc') in 0.094836 seconds
  Import took 0.097728 seconds .

========================================================================
Received Import Request.
  Time since last request: 0.000418 seconds.
  path: Assets/FPS/Art/Textures/UI/HUD_KeyScroll_Icon.png
  artifactKey: Guid(de218ea61675c9d4b9e7685a9b77398d) Importer(815301076,1909f56bfc062723c751e8b465ee728b)
Start importing Assets/FPS/Art/Textures/UI/HUD_KeyScroll_Icon.png using Guid(de218ea61675c9d4b9e7685a9b77398d) Importer(815301076,1909f56bfc062723c751e8b465ee728b)  -> (artifact id: '6c4fdeed9b61d58b4c1abdf55afac80c') in 0.031670 seconds
  Import took 0.034389 seconds .

========================================================================
Received Import Request.
  Time since last request: 0.000173 seconds.
  path: Assets/FPS/Art/Textures/UI/HUD_Weapon02.png
  artifactKey: Guid(8cbb10368086f014a8b7fc8932e7f436) Importer(815301076,1909f56bfc062723c751e8b465ee728b)
Start importing Assets/FPS/Art/Textures/UI/HUD_Weapon02.png using Guid(8cbb10368086f014a8b7fc8932e7f436) Importer(815301076,1909f56bfc062723c751e8b465ee728b)  -> (artifact id: '4282fe7e21aaeb31ce156b5010659516') in 0.030846 seconds
  Import took 0.033452 seconds .

========================================================================
Received Import Request.
  Time since last request: 0.000280 seconds.
  path: Assets/FPS/Art/Textures/UI/Gradiants.png
  artifactKey: Guid(69a090905eb8e8540b8a413214c097fb) Importer(815301076,1909f56bfc062723c751e8b465ee728b)
Start importing Assets/FPS/Art/Textures/UI/Gradiants.png using Guid(69a090905eb8e8540b8a413214c097fb) Importer(815301076,1909f56bfc062723c751e8b465ee728b)  -> (artifact id: 'd74beabeced8a95bd78de95a7c7896f8') in 0.027661 seconds
  Import took 0.030704 seconds .

========================================================================
Received Import Request.
  Time since last request: 0.000210 seconds.
  path: Assets/FPS/Tutorials/DialogHeader_FPS.png
  artifactKey: Guid(6e279173c7e6446bfbf2744726e35598) Importer(815301076,1909f56bfc062723c751e8b465ee728b)
Start importing Assets/FPS/Tutorials/DialogHeader_FPS.png using Guid(6e279173c7e6446bfbf2744726e35598) Importer(815301076,1909f56bfc062723c751e8b465ee728b)  -> (artifact id: '595c3977652c9cf6afb972f9e29162dc') in 0.020949 seconds
  Import took 0.023721 seconds .

========================================================================
Received Import Request.
  Time since last request: 0.000305 seconds.
  path: Assets/FPS/Art/Textures/UI/HUD_Jetpack_Icon.png
  artifactKey: Guid(d329fd11893b4ee42b624f01d3131680) Importer(815301076,1909f56bfc062723c751e8b465ee728b)
Start importing Assets/FPS/Art/Textures/UI/HUD_Jetpack_Icon.png using Guid(d329fd11893b4ee42b624f01d3131680) Importer(815301076,1909f56bfc062723c751e8b465ee728b)  -> (artifact id: '35394ed4b695495472334404421c5d0d') in 0.023942 seconds
  Import took 0.027433 seconds .

========================================================================
Received Import Request.
  Time since last request: 0.000271 seconds.
  path: Assets/FPS/Art/Textures/UI/HUD_Weapon01.png
  artifactKey: Guid(cab1398a10b307b44b0ffeb0eef23254) Importer(815301076,1909f56bfc062723c751e8b465ee728b)
Start importing Assets/FPS/Art/Textures/UI/HUD_Weapon01.png using Guid(cab1398a10b307b44b0ffeb0eef23254) Importer(815301076,1909f56bfc062723c751e8b465ee728b)  -> (artifact id: '8fb8d8f8ebd62458ed145268c08af6b2') in 0.025803 seconds
  Import took 0.028585 seconds .

========================================================================
Received Import Request.
  Time since last request: 0.000238 seconds.
  path: Assets/FPS/Art/Textures/UI/HUD_Key_Bg.png
  artifactKey: Guid(81c448d84d41b244a91a738f53252f9b) Importer(815301076,1909f56bfc062723c751e8b465ee728b)
Start importing Assets/FPS/Art/Textures/UI/HUD_Key_Bg.png using Guid(81c448d84d41b244a91a738f53252f9b) Importer(815301076,1909f56bfc062723c751e8b465ee728b)  -> (artifact id: 'f43a342c151b1d071fa21f318e1d663f') in 0.028210 seconds
  Import took 0.030727 seconds .

========================================================================
Received Import Request.
  Time since last request: 0.000271 seconds.
  path: Assets/FPS/Art/Textures/UI/HUD_Weapon03.png
  artifactKey: Guid(3c187e19c32c13542ba8a0c1a3a88ece) Importer(815301076,1909f56bfc062723c751e8b465ee728b)
Start importing Assets/FPS/Art/Textures/UI/HUD_Weapon03.png using Guid(3c187e19c32c13542ba8a0c1a3a88ece) Importer(815301076,1909f56bfc062723c751e8b465ee728b)  -> (artifact id: '42479535d1a58143796582d14efced38') in 0.019616 seconds
  Import took 0.022164 seconds .

========================================================================
Received Import Request.
  Time since last request: 1.548591 seconds.
  path: Assets/FPS/Art/Textures/UI/Notification_Enemy_Icon.png
  artifactKey: Guid(f508c28b9e2b993418fa54db9c535ae9) Importer(815301076,1909f56bfc062723c751e8b465ee728b)
Start importing Assets/FPS/Art/Textures/UI/Notification_Enemy_Icon.png using Guid(f508c28b9e2b993418fa54db9c535ae9) Importer(815301076,1909f56bfc062723c751e8b465ee728b)  -> (artifact id: 'ce76835b6dc993ac4e6ab203eaf143bb') in 0.020450 seconds
  Import took 0.023121 seconds .

========================================================================
Received Import Request.
  Time since last request: 0.000269 seconds.
  path: Assets/FPS/Art/Textures/UI/Notification_MainObj_Icon.png
  artifactKey: Guid(65fd26883529a5f4db44ea16cf925e82) Importer(815301076,1909f56bfc062723c751e8b465ee728b)
Start importing Assets/FPS/Art/Textures/UI/Notification_MainObj_Icon.png using Guid(65fd26883529a5f4db44ea16cf925e82) Importer(815301076,1909f56bfc062723c751e8b465ee728b)  -> (artifact id: 'f0cf99f6b6d6f1ec75a4290c50abaab2') in 0.020348 seconds
  Import took 0.022773 seconds .

========================================================================
Received Import Request.
  Time since last request: 0.589581 seconds.
  path: Assets/FPS/Art/Textures/UI/Radar_Enemy_Icon.png
  artifactKey: Guid(f960e1e0f9c28f346bcff536efd27f78) Importer(815301076,1909f56bfc062723c751e8b465ee728b)
Start importing Assets/FPS/Art/Textures/UI/Radar_Enemy_Icon.png using Guid(f960e1e0f9c28f346bcff536efd27f78) Importer(815301076,1909f56bfc062723c751e8b465ee728b)  -> (artifact id: '0fd9e71e1c963e10ebc0a125c4062b07') in 0.022884 seconds
  Import took 0.033524 seconds .

========================================================================
Received Import Request.
  Time since last request: 0.000264 seconds.
  path: Assets/FPS/Art/Textures/UI/Radar_Enemy_IconBg.png
  artifactKey: Guid(65c7da85c6d645744b9081be5782b153) Importer(815301076,1909f56bfc062723c751e8b465ee728b)
Start importing Assets/FPS/Art/Textures/UI/Radar_Enemy_IconBg.png using Guid(65c7da85c6d645744b9081be5782b153) Importer(815301076,1909f56bfc062723c751e8b465ee728b)  -> (artifact id: '5f3fe6a31fdaa1e09ebf2826947f2154') in 0.020233 seconds
  Import took 0.023135 seconds .

========================================================================
Received Import Request.
  Time since last request: 0.008763 seconds.
  path: Assets/FPS/Art/Textures/UI/Stance_Crouch_Icon.png
  artifactKey: Guid(d9b0340e45d66d64199b8219686bb5c5) Importer(815301076,1909f56bfc062723c751e8b465ee728b)
Start importing Assets/FPS/Art/Textures/UI/Stance_Crouch_Icon.png using Guid(d9b0340e45d66d64199b8219686bb5c5) Importer(815301076,1909f56bfc062723c751e8b465ee728b)  -> (artifact id: '24dc181d15e258b61d2c943194e632a9') in 0.021160 seconds
  Import took 0.023919 seconds .

========================================================================
Received Import Request.
  Time since last request: 0.000375 seconds.
  path: Assets/FPS/Art/Textures/UI/Stance_Sprint_Icon.png
  artifactKey: Guid(2ab14a66f580d964c949c600a99c3087) Importer(815301076,1909f56bfc062723c751e8b465ee728b)
Start importing Assets/FPS/Art/Textures/UI/Stance_Sprint_Icon.png using Guid(2ab14a66f580d964c949c600a99c3087) Importer(815301076,1909f56bfc062723c751e8b465ee728b)  -> (artifact id: 'b8c81dbdb01ffcfde5d55330f33e7655') in 0.026751 seconds
  Import took 0.029637 seconds .

========================================================================
Received Import Request.
  Time since last request: 3.978029 seconds.
  path: Assets/FPS/Art/Textures/UI/Crosshair_Hexa.png
  artifactKey: Guid(e881aa18189b12f4e915fc5b14ddc421) Importer(815301076,1909f56bfc062723c751e8b465ee728b)
Start importing Assets/FPS/Art/Textures/UI/Crosshair_Hexa.png using Guid(e881aa18189b12f4e915fc5b14ddc421) Importer(815301076,1909f56bfc062723c751e8b465ee728b)  -> (artifact id: '32d90ee8591f4b069326dbd94b306697') in 0.030142 seconds
  Import took 0.032747 seconds .

========================================================================
Received Import Request.
  Time since last request: 0.000179 seconds.
  path: Assets/FPS/Art/Textures/UI/Crosshair_Shotgun_Circle.png
  artifactKey: Guid(2962952d6e5ae7342a298d45a3945069) Importer(815301076,1909f56bfc062723c751e8b465ee728b)
Start importing Assets/FPS/Art/Textures/UI/Crosshair_Shotgun_Circle.png using Guid(2962952d6e5ae7342a298d45a3945069) Importer(815301076,1909f56bfc062723c751e8b465ee728b)  -> (artifact id: '8057b3b878dc758caac3945df811a81f') in 0.035794 seconds
  Import took 0.038276 seconds .

========================================================================
Received Import Request.
  Time since last request: 0.000215 seconds.
  path: Assets/FPS/Art/Textures/UI/Crosshair_Drop.png
  artifactKey: Guid(14aa1febcf423c84997aa10d7ff64d17) Importer(815301076,1909f56bfc062723c751e8b465ee728b)
Start importing Assets/FPS/Art/Textures/UI/Crosshair_Drop.png using Guid(14aa1febcf423c84997aa10d7ff64d17) Importer(815301076,1909f56bfc062723c751e8b465ee728b)  -> (artifact id: '9d7a95cc1fbe7ba28c5e0a1fe53d8adc') in 0.043778 seconds
  Import took 0.046233 seconds .

========================================================================
Received Import Request.
  Time since last request: 0.000271 seconds.
  path: Assets/FPS/Art/Textures/UI/Crosshair_Blaster_Side.png
  artifactKey: Guid(e87f35a57d7a270469ddf9121f29d506) Importer(815301076,1909f56bfc062723c751e8b465ee728b)
Start importing Assets/FPS/Art/Textures/UI/Crosshair_Blaster_Side.png using Guid(e87f35a57d7a270469ddf9121f29d506) Importer(815301076,1909f56bfc062723c751e8b465ee728b)  -> (artifact id: 'f6c4f8ff4135834ed8ff571d811fa667') in 0.025489 seconds
  Import took 0.027984 seconds .

========================================================================
Received Import Request.
  Time since last request: 0.046356 seconds.
  path: Assets/FPS/Art/Textures/UI/ControlScheme_PopUp.png
  artifactKey: Guid(d873f089db0e2f54884c58e49b0a1ede) Importer(815301076,1909f56bfc062723c751e8b465ee728b)
Start importing Assets/FPS/Art/Textures/UI/ControlScheme_PopUp.png using Guid(d873f089db0e2f54884c58e49b0a1ede) Importer(815301076,1909f56bfc062723c751e8b465ee728b)  -> (artifact id: 'b50af2c785b1961f6109566deedaf07d') in 0.050415 seconds
  Import took 0.053561 seconds .

========================================================================
Received Import Request.
  Time since last request: 0.000240 seconds.
  path: Assets/FPS/Art/Textures/UI/Crosshair_Blaster_Center.png
  artifactKey: Guid(2b5b80f3ebc88174a8c662e280fdb09c) Importer(815301076,1909f56bfc062723c751e8b465ee728b)
Start importing Assets/FPS/Art/Textures/UI/Crosshair_Blaster_Center.png using Guid(2b5b80f3ebc88174a8c662e280fdb09c) Importer(815301076,1909f56bfc062723c751e8b465ee728b)  -> (artifact id: 'bf8709fccbe4478c40d0012af8c39237') in 0.018638 seconds
  Import took 0.021033 seconds .

========================================================================
Received Import Request.
  Time since last request: 1.015299 seconds.
  path: Assets/ModAssets/Textures/billboard_2D_wide.png
  artifactKey: Guid(3142e986a20354e5c9b3394e5ff7ae12) Importer(815301076,1909f56bfc062723c751e8b465ee728b)
Start importing Assets/ModAssets/Textures/billboard_2D_wide.png using Guid(3142e986a20354e5c9b3394e5ff7ae12) Importer(815301076,1909f56bfc062723c751e8b465ee728b)  -> (artifact id: 'c98ffb9cfcb83f833db49bd42556849d') in 0.054067 seconds
  Import took 0.057124 seconds .

========================================================================
Received Import Request.
  Time since last request: 0.131654 seconds.
  path: Assets/ModAssets/Textures/billboard_2D_tall.png
  artifactKey: Guid(50b2c32ff3de94988a61633cb19060de) Importer(815301076,1909f56bfc062723c751e8b465ee728b)
Start importing Assets/ModAssets/Textures/billboard_2D_tall.png using Guid(50b2c32ff3de94988a61633cb19060de) Importer(815301076,1909f56bfc062723c751e8b465ee728b)  -> (artifact id: '928d82eb93e4897d059a8d82487e7238') in 0.035437 seconds
  Import took 0.038810 seconds .

========================================================================
Received Import Request.
  Time since last request: 0.097214 seconds.
  path: Assets/ModAssets/Textures/billboard_2D_basic.png
  artifactKey: Guid(6448011b459a14b05969ad3bf1a44890) Importer(815301076,1909f56bfc062723c751e8b465ee728b)
Start importing Assets/ModAssets/Textures/billboard_2D_basic.png using Guid(6448011b459a14b05969ad3bf1a44890) Importer(815301076,1909f56bfc062723c751e8b465ee728b)  -> (artifact id: '982bca81d73ac34c309097ca40ca334f') in 0.028485 seconds
  Import took 0.031258 seconds .

========================================================================
Received Import Request.
  Time since last request: 2.184789 seconds.
  path: Assets/FPS/Art/Textures/UI/Stance_Stand_Icon.png
  artifactKey: Guid(52709b32aa114154aa3f42f22d4d225c) Importer(815301076,1909f56bfc062723c751e8b465ee728b)
Start importing Assets/FPS/Art/Textures/UI/Stance_Stand_Icon.png using Guid(52709b32aa114154aa3f42f22d4d225c) Importer(815301076,1909f56bfc062723c751e8b465ee728b)  -> (artifact id: '6f5f26299134591391c86fa883e0d431') in 0.019310 seconds
  Import took 0.021995 seconds .

========================================================================
Received Import Request.
  Time since last request: 0.000299 seconds.
  path: Assets/FPS/Art/Textures/VFX/Symbol_Anger01.tga
  artifactKey: Guid(9de0756cf40eac344ba13f10ceadcffe) Importer(815301076,1909f56bfc062723c751e8b465ee728b)
Start importing Assets/FPS/Art/Textures/VFX/Symbol_Anger01.tga using Guid(9de0756cf40eac344ba13f10ceadcffe) Importer(815301076,1909f56bfc062723c751e8b465ee728b)  -> (artifact id: '487aa853d84079b853ef3fc5cb51bfad') in 0.034031 seconds
  Import took 0.036504 seconds .

========================================================================
Received Import Request.
  Time since last request: 0.000209 seconds.
  path: Assets/FPS/Art/Textures/UI/Stance_Stand_Icon.png
  artifactKey: Guid(52709b32aa114154aa3f42f22d4d225c) Importer(815301076,1909f56bfc062723c751e8b465ee728b)
Start importing Assets/FPS/Art/Textures/UI/Stance_Stand_Icon.png using Guid(52709b32aa114154aa3f42f22d4d225c) Importer(815301076,1909f56bfc062723c751e8b465ee728b)  -> (artifact id: '6f5f26299134591391c86fa883e0d431') in 0.016181 seconds
  Import took 0.019025 seconds .

========================================================================
Received Import Request.
  Time since last request: 0.048140 seconds.
  path: Assets/FPS/Art/Textures/UI/TEX_Black_16x16.png
  artifactKey: Guid(3e7d439637d58744ba13be1b4b74413b) Importer(815301076,1909f56bfc062723c751e8b465ee728b)
Start importing Assets/FPS/Art/Textures/UI/TEX_Black_16x16.png using Guid(3e7d439637d58744ba13be1b4b74413b) Importer(815301076,1909f56bfc062723c751e8b465ee728b)  -> (artifact id: '8226e242fc12f49f9ea93398a09179d0') in 0.020234 seconds
  Import took 0.023397 seconds .

========================================================================
Received Import Request.
  Time since last request: 0.000309 seconds.
  path: Assets/FPS/Art/Textures/UI/TEX_White_16x16.png
  artifactKey: Guid(d194854d61472d744b8684ceab84264a) Importer(815301076,1909f56bfc062723c751e8b465ee728b)
Start importing Assets/FPS/Art/Textures/UI/TEX_White_16x16.png using Guid(d194854d61472d744b8684ceab84264a) Importer(815301076,1909f56bfc062723c751e8b465ee728b)  -> (artifact id: '2e18c6b25bfd5d0ab09180389f5584b6') in 0.020532 seconds
  Import took 0.023348 seconds .

========================================================================
Received Import Request.
  Time since last request: 0.009084 seconds.
  path: Assets/FPS/Art/Textures/UI/Transparent_Center.png
  artifactKey: Guid(61e9c8b64d003e047ab7cfc7f5d74555) Importer(815301076,1909f56bfc062723c751e8b465ee728b)
Start importing Assets/FPS/Art/Textures/UI/Transparent_Center.png using Guid(61e9c8b64d003e047ab7cfc7f5d74555) Importer(815301076,1909f56bfc062723c751e8b465ee728b)  -> (artifact id: '970c18a6a177748fe88be25007c0db34') in 0.020275 seconds
  Import took 0.023294 seconds .

========================================================================
Received Import Request.
  Time since last request: 14.417306 seconds.
  path: Assets/FPS/Prefabs/GameManager.prefab
  artifactKey: Guid(c996b53e9f849234393d1e90f68d1679) Importer(815301076,1909f56bfc062723c751e8b465ee728b)
Start importing Assets/FPS/Prefabs/GameManager.prefab using Guid(c996b53e9f849234393d1e90f68d1679) Importer(815301076,1909f56bfc062723c751e8b465ee728b)  -> (artifact id: 'ae4eb9e80e8552653b611efae80203fc') in 0.080776 seconds
  Import took 0.084781 seconds .

========================================================================
Received Import Request.
  Time since last request: 11.220597 seconds.
  path: Assets/FPS/Prefabs/GameManager.prefab
  artifactKey: Guid(c996b53e9f849234393d1e90f68d1679) Importer(815301076,1909f56bfc062723c751e8b465ee728b)
Start importing Assets/FPS/Prefabs/GameManager.prefab using Guid(c996b53e9f849234393d1e90f68d1679) Importer(815301076,1909f56bfc062723c751e8b465ee728b)  -> (artifact id: 'e5e6d1519505fc9e6ea80e967ca0d420') in 0.080998 seconds
  Import took 0.084538 seconds .

========================================================================
Received Import Request.
  Time since last request: 1.735974 seconds.
  path: Assets/FPS/Prefabs/GameManager.prefab
  artifactKey: Guid(c996b53e9f849234393d1e90f68d1679) Importer(815301076,1909f56bfc062723c751e8b465ee728b)
Start importing Assets/FPS/Prefabs/GameManager.prefab using Guid(c996b53e9f849234393d1e90f68d1679) Importer(815301076,1909f56bfc062723c751e8b465ee728b)  -> (artifact id: '7c8303b99d721a2879545ab8f8807a02') in 0.080014 seconds
  Import took 0.083476 seconds .

========================================================================
Received Import Request.
  Time since last request: 3.367184 seconds.
  path: Assets/FPS/Prefabs/GameManager.prefab
  artifactKey: Guid(c996b53e9f849234393d1e90f68d1679) Importer(815301076,1909f56bfc062723c751e8b465ee728b)
Start importing Assets/FPS/Prefabs/GameManager.prefab using Guid(c996b53e9f849234393d1e90f68d1679) Importer(815301076,1909f56bfc062723c751e8b465ee728b)  -> (artifact id: '878e308a3ed235a887a9b2923d6f7580') in 0.083149 seconds
  Import took 0.087423 seconds .

========================================================================
Received Import Request.
  Time since last request: 1.705940 seconds.
  path: Assets/FPS/Prefabs/GameManager.prefab
  artifactKey: Guid(c996b53e9f849234393d1e90f68d1679) Importer(815301076,1909f56bfc062723c751e8b465ee728b)
Start importing Assets/FPS/Prefabs/GameManager.prefab using Guid(c996b53e9f849234393d1e90f68d1679) Importer(815301076,1909f56bfc062723c751e8b465ee728b)  -> (artifact id: '7c59f2935a5d2774e61d8ae7b556e291') in 0.078098 seconds
  Import took 0.081588 seconds .

========================================================================
Received Import Request.
  Time since last request: 5.977747 seconds.
  path: Assets/FPS/Prefabs/GameManager.prefab
  artifactKey: Guid(c996b53e9f849234393d1e90f68d1679) Importer(815301076,1909f56bfc062723c751e8b465ee728b)
Start importing Assets/FPS/Prefabs/GameManager.prefab using Guid(c996b53e9f849234393d1e90f68d1679) Importer(815301076,1909f56bfc062723c751e8b465ee728b)  -> (artifact id: 'f040c3c9e755449ab8d4a38b7f4abf55') in 0.080648 seconds
  Import took 0.084281 seconds .

========================================================================
Received Import Request.
  Time since last request: 2.759461 seconds.
  path: Assets/FPS/Prefabs/GameManager.prefab
  artifactKey: Guid(c996b53e9f849234393d1e90f68d1679) Importer(815301076,1909f56bfc062723c751e8b465ee728b)
Start importing Assets/FPS/Prefabs/GameManager.prefab using Guid(c996b53e9f849234393d1e90f68d1679) Importer(815301076,1909f56bfc062723c751e8b465ee728b)  -> (artifact id: '3944b7b33c1735a7b358fc3bab601763') in 0.080086 seconds
  Import took 0.083595 seconds .

========================================================================
Received Import Request.
  Time since last request: 1.729613 seconds.
  path: Assets/FPS/Prefabs/GameManager.prefab
  artifactKey: Guid(c996b53e9f849234393d1e90f68d1679) Importer(815301076,1909f56bfc062723c751e8b465ee728b)
Start importing Assets/FPS/Prefabs/GameManager.prefab using Guid(c996b53e9f849234393d1e90f68d1679) Importer(815301076,1909f56bfc062723c751e8b465ee728b)  -> (artifact id: 'f8e06d2a85cdd7b1936f639c87a2d58c') in 0.081176 seconds
  Import took 0.084725 seconds .

========================================================================
Received Import Request.
  Time since last request: 3.760067 seconds.
  path: Assets/FPS/Prefabs/GameManager.prefab
  artifactKey: Guid(c996b53e9f849234393d1e90f68d1679) Importer(815301076,1909f56bfc062723c751e8b465ee728b)
Start importing Assets/FPS/Prefabs/GameManager.prefab using Guid(c996b53e9f849234393d1e90f68d1679) Importer(815301076,1909f56bfc062723c751e8b465ee728b)  -> (artifact id: 'a18781cd19704c4cd77e94de76a07275') in 0.080223 seconds
  Import took 0.084004 seconds .

========================================================================
Received Import Request.
  Time since last request: 2.352017 seconds.
  path: Assets/FPS/Prefabs/GameManager.prefab
  artifactKey: Guid(c996b53e9f849234393d1e90f68d1679) Importer(815301076,1909f56bfc062723c751e8b465ee728b)
Start importing Assets/FPS/Prefabs/GameManager.prefab using Guid(c996b53e9f849234393d1e90f68d1679) Importer(815301076,1909f56bfc062723c751e8b465ee728b)  -> (artifact id: '3510c150054ad3566cb094572c357adf') in 0.078088 seconds
  Import took 0.081530 seconds .

========================================================================
Received Import Request.
  Time since last request: 0.922462 seconds.
  path: Assets/FPS/Prefabs/GameManager.prefab
  artifactKey: Guid(c996b53e9f849234393d1e90f68d1679) Importer(815301076,1909f56bfc062723c751e8b465ee728b)
Start importing Assets/FPS/Prefabs/GameManager.prefab using Guid(c996b53e9f849234393d1e90f68d1679) Importer(815301076,1909f56bfc062723c751e8b465ee728b)  -> (artifact id: 'daaa67284ea69bf4c42e8b67408d67c7') in 0.078149 seconds
  Import took 0.081824 seconds .

========================================================================
Received Import Request.
  Time since last request: 0.333739 seconds.
  path: Assets/FPS/Prefabs/GameManager.prefab
  artifactKey: Guid(c996b53e9f849234393d1e90f68d1679) Importer(815301076,1909f56bfc062723c751e8b465ee728b)
Start importing Assets/FPS/Prefabs/GameManager.prefab using Guid(c996b53e9f849234393d1e90f68d1679) Importer(815301076,1909f56bfc062723c751e8b465ee728b)  -> (artifact id: '4cc6b5118ba30fdfb87dd92f453e9247') in 0.082659 seconds
  Import took 0.086347 seconds .

========================================================================
Received Import Request.
  Time since last request: 1.930605 seconds.
  path: Assets/FPS/Prefabs/GameManager.prefab
  artifactKey: Guid(c996b53e9f849234393d1e90f68d1679) Importer(815301076,1909f56bfc062723c751e8b465ee728b)
Start importing Assets/FPS/Prefabs/GameManager.prefab using Guid(c996b53e9f849234393d1e90f68d1679) Importer(815301076,1909f56bfc062723c751e8b465ee728b)  -> (artifact id: '25b08322bae2503fd15b72d1be1dc8c4') in 0.078372 seconds
  Import took 0.081983 seconds .

========================================================================
Received Import Request.
  Time since last request: 0.527956 seconds.
  path: Assets/FPS/Prefabs/GameManager.prefab
  artifactKey: Guid(c996b53e9f849234393d1e90f68d1679) Importer(815301076,1909f56bfc062723c751e8b465ee728b)
Start importing Assets/FPS/Prefabs/GameManager.prefab using Guid(c996b53e9f849234393d1e90f68d1679) Importer(815301076,1909f56bfc062723c751e8b465ee728b)  -> (artifact id: '2155ccbe9e0d08ddc71096f27a20e6da') in 0.075949 seconds
  Import took 0.079322 seconds .

========================================================================
Received Import Request.
  Time since last request: 4.159453 seconds.
  path: Assets/FPS/Prefabs/GameManager.prefab
  artifactKey: Guid(c996b53e9f849234393d1e90f68d1679) Importer(815301076,1909f56bfc062723c751e8b465ee728b)
Start importing Assets/FPS/Prefabs/GameManager.prefab using Guid(c996b53e9f849234393d1e90f68d1679) Importer(815301076,1909f56bfc062723c751e8b465ee728b)  -> (artifact id: '0ca580d2855b8fc35ed62e780ccc0332') in 0.082329 seconds
  Import took 0.085717 seconds .

========================================================================
Received Import Request.
  Time since last request: 1.320884 seconds.
  path: Assets/FPS/Prefabs/GameManager.prefab
  artifactKey: Guid(c996b53e9f849234393d1e90f68d1679) Importer(815301076,1909f56bfc062723c751e8b465ee728b)
Start importing Assets/FPS/Prefabs/GameManager.prefab using Guid(c996b53e9f849234393d1e90f68d1679) Importer(815301076,1909f56bfc062723c751e8b465ee728b)  -> (artifact id: 'ff4e6b47007951e495db35987265cfbd') in 0.077889 seconds
  Import took 0.081461 seconds .

========================================================================
Received Import Request.
  Time since last request: 1.934555 seconds.
  path: Assets/FPS/Prefabs/GameManager.prefab
  artifactKey: Guid(c996b53e9f849234393d1e90f68d1679) Importer(815301076,1909f56bfc062723c751e8b465ee728b)
Start importing Assets/FPS/Prefabs/GameManager.prefab using Guid(c996b53e9f849234393d1e90f68d1679) Importer(815301076,1909f56bfc062723c751e8b465ee728b)  -> (artifact id: '1034d285340eab7f20a9be46e0292854') in 0.078249 seconds
  Import took 0.082221 seconds .

========================================================================
Received Import Request.
  Time since last request: 260.247542 seconds.
  path: Assets/FPS/Scripts/UI/fps.UI.asmdef
  artifactKey: Guid(269903ea973e2a64ca0fb91ee07d3625) Importer(815301076,1909f56bfc062723c751e8b465ee728b)
Start importing Assets/FPS/Scripts/UI/fps.UI.asmdef using Guid(269903ea973e2a64ca0fb91ee07d3625) Importer(815301076,1909f56bfc062723c751e8b465ee728b)  -> (artifact id: '3f66032c831de29ca48386cd16721bb5') in 0.008740 seconds
  Import took 0.011899 seconds .

========================================================================
Received Import Request.
  Time since last request: 0.025001 seconds.
  path: Assets/FPS/Scripts/UI/fps.UI.asmdef
  artifactKey: Guid(269903ea973e2a64ca0fb91ee07d3625) Importer(815301076,1909f56bfc062723c751e8b465ee728b)
Start importing Assets/FPS/Scripts/UI/fps.UI.asmdef using Guid(269903ea973e2a64ca0fb91ee07d3625) Importer(815301076,1909f56bfc062723c751e8b465ee728b)  -> (artifact id: '3f66032c831de29ca48386cd16721bb5') in 0.003534 seconds
  Import took 0.006203 seconds .

========================================================================
Received Prepare
Registering precompiled user dll's ...
Registered in 0.003300 seconds.
Begin MonoManager ReloadAssembly
Native extension for WindowsStandalone target not found
Native extension for WebGL target not found
Refreshing native plugins compatible for Editor in 0.43 ms, found 0 plugins.
Preloading 0 native plugins for Editor in 0.00 ms.
Warning: Annotation not found!
UnityEngine.StackTraceUtility:ExtractStackTrace ()
UnityEditor.ProBuilder.EditorUtility:SetGizmoIconEnabled (System.Type,bool) (at E:/unityPj/New Unity Project (9)/Library/PackageCache/com.unity.probuilder@4.5.0/Editor/EditorCore/EditorUtility.cs:593)
UnityEditor.ProBuilder.HierarchyListener:.cctor () (at E:/unityPj/New Unity Project (9)/Library/PackageCache/com.unity.probuilder@4.5.0/Editor/EditorCore/HierarchyListener.cs:21)
System.Runtime.CompilerServices.RuntimeHelpers:RunClassConstructor (System.RuntimeTypeHandle)
UnityEditor.EditorAssemblies:ProcessInitializeOnLoadAttributes (System.Type[])

[E:/unityPj/New Unity Project (9)/Library/PackageCache/com.unity.probuilder@4.5.0/Editor/EditorCore/EditorUtility.cs line 593]

Invoked RoslynAnalysisRunner static constructor.
RoslynAnalysisRunner will not be running.
RoslynAnalysisRunner has terminated.
Mono: successfully reloaded assembly
- Completed reload, in  0.953 seconds
Platform modules already initialized, skipping
Refreshing native plugins compatible for Editor in 0.37 ms, found 0 plugins.
Preloading 0 native plugins for Editor in 0.00 ms.
Unloading 1760 Unused Serialized files (Serialized files now loaded: 0)
System memory in use before: 155.1 MB.
System memory in use after: 155.2 MB.

Unloading 9 unused Assets to reduce memory usage. Loaded Objects now: 2293.
Total: 5.531900 ms (FindLiveObjects: 0.582800 ms CreateObjectMapping: 0.303200 ms MarkObjects: 4.612900 ms  DeleteObjects: 0.030400 ms)

========================================================================
Received Prepare
Registering precompiled user dll's ...
Registered in 0.003475 seconds.
Begin MonoManager ReloadAssembly
Native extension for WindowsStandalone target not found
Native extension for WebGL target not found
Refreshing native plugins compatible for Editor in 0.41 ms, found 0 plugins.
Preloading 0 native plugins for Editor in 0.00 ms.
Warning: Annotation not found!
UnityEngine.StackTraceUtility:ExtractStackTrace ()
UnityEditor.ProBuilder.EditorUtility:SetGizmoIconEnabled (System.Type,bool) (at E:/unityPj/New Unity Project (9)/Library/PackageCache/com.unity.probuilder@4.5.0/Editor/EditorCore/EditorUtility.cs:593)
UnityEditor.ProBuilder.HierarchyListener:.cctor () (at E:/unityPj/New Unity Project (9)/Library/PackageCache/com.unity.probuilder@4.5.0/Editor/EditorCore/HierarchyListener.cs:21)
System.Runtime.CompilerServices.RuntimeHelpers:RunClassConstructor (System.RuntimeTypeHandle)
UnityEditor.EditorAssemblies:ProcessInitializeOnLoadAttributes (System.Type[])

[E:/unityPj/New Unity Project (9)/Library/PackageCache/com.unity.probuilder@4.5.0/Editor/EditorCore/EditorUtility.cs line 593]

Invoked RoslynAnalysisRunner static constructor.
RoslynAnalysisRunner will not be running.
RoslynAnalysisRunner has terminated.
Mono: successfully reloaded assembly
- Completed reload, in  0.929 seconds
Platform modules already initialized, skipping
Refreshing native plugins compatible for Editor in 0.37 ms, found 0 plugins.
Preloading 0 native plugins for Editor in 0.00 ms.
Unloading 1760 Unused Serialized files (Serialized files now loaded: 0)
System memory in use before: 155.1 MB.
System memory in use after: 155.2 MB.

Unloading 5 unused Assets to reduce memory usage. Loaded Objects now: 2296.
Total: 2.231300 ms (FindLiveObjects: 0.280100 ms CreateObjectMapping: 0.075700 ms MarkObjects: 1.858300 ms  DeleteObjects: 0.015800 ms)

========================================================================
Received Import Request.
  Time since last request: 434.202753 seconds.
  path: Assets/FPS/Prefabs/GameManager.prefab
  artifactKey: Guid(c996b53e9f849234393d1e90f68d1679) Importer(815301076,1909f56bfc062723c751e8b465ee728b)
Start importing Assets/FPS/Prefabs/GameManager.prefab using Guid(c996b53e9f849234393d1e90f68d1679) Importer(815301076,1909f56bfc062723c751e8b465ee728b)  -> (artifact id: 'c0db86eff258330ce075aa3ca387f85d') in 0.148478 seconds
  Import took 0.152270 seconds .

========================================================================
Received Import Request.
  Time since last request: 305.460239 seconds.
  path: Assets/FPS/Scripts/Game/fps.Game.asmdef
  artifactKey: Guid(9c5543eabb73a6249ac07b2c065ee8b4) Importer(815301076,1909f56bfc062723c751e8b465ee728b)
Start importing Assets/FPS/Scripts/Game/fps.Game.asmdef using Guid(9c5543eabb73a6249ac07b2c065ee8b4) Importer(815301076,1909f56bfc062723c751e8b465ee728b)  -> (artifact id: '27a5d5a7fe27b755899ab2fa31cc699b') in 0.007571 seconds
  Import took 0.010995 seconds .

========================================================================
Received Import Request.
  Time since last request: 0.018342 seconds.
  path: Assets/FPS/Scripts/Game/fps.Game.asmdef
  artifactKey: Guid(9c5543eabb73a6249ac07b2c065ee8b4) Importer(815301076,1909f56bfc062723c751e8b465ee728b)
Start importing Assets/FPS/Scripts/Game/fps.Game.asmdef using Guid(9c5543eabb73a6249ac07b2c065ee8b4) Importer(815301076,1909f56bfc062723c751e8b465ee728b)  -> (artifact id: '27a5d5a7fe27b755899ab2fa31cc699b') in 0.004888 seconds
  Import took 0.011324 seconds .

========================================================================
Received Import Request.
  Time since last request: 92.694973 seconds.
  path: Assets/FPS/Scripts/AI/fps.AI.asmdef
  artifactKey: Guid(e9dc24b3d0971d64a9e95b6986d97af5) Importer(815301076,1909f56bfc062723c751e8b465ee728b)
Start importing Assets/FPS/Scripts/AI/fps.AI.asmdef using Guid(e9dc24b3d0971d64a9e95b6986d97af5) Importer(815301076,1909f56bfc062723c751e8b465ee728b)  -> (artifact id: '2c2c0dc71ae9fecf2771822447c5867e') in 0.007716 seconds
  Import took 0.010687 seconds .

========================================================================
Received Import Request.
  Time since last request: 0.003753 seconds.
  path: Assets/FPS/Scripts/AI/fps.AI.asmdef
  artifactKey: Guid(e9dc24b3d0971d64a9e95b6986d97af5) Importer(815301076,1909f56bfc062723c751e8b465ee728b)
Start importing Assets/FPS/Scripts/AI/fps.AI.asmdef using Guid(e9dc24b3d0971d64a9e95b6986d97af5) Importer(815301076,1909f56bfc062723c751e8b465ee728b)  -> (artifact id: '2c2c0dc71ae9fecf2771822447c5867e') in 0.003690 seconds
  Import took 0.006349 seconds .

========================================================================
Received Import Request.
  Time since last request: 65.129700 seconds.
  path: Assets/FPS/Tutorials/Playtest/02-First-Play.asset
  artifactKey: Guid(d96ebb80cdd184cc4a4e937acc4691bb) Importer(815301076,1909f56bfc062723c751e8b465ee728b)
Start importing Assets/FPS/Tutorials/Playtest/02-First-Play.asset using Guid(d96ebb80cdd184cc4a4e937acc4691bb) Importer(815301076,1909f56bfc062723c751e8b465ee728b)  -> (artifact id: '2aa13233b8017bcdb0dc55be242dd0db') in 0.046814 seconds
  Import took 0.049619 seconds .

========================================================================
Received Import Request.
  Time since last request: 0.000278 seconds.
  path: Assets/FPS/Tutorials/Playtest/03-Exit-Play.asset
  artifactKey: Guid(9d8534870475e4fa9b66e42843a86a19) Importer(815301076,1909f56bfc062723c751e8b465ee728b)
Start importing Assets/FPS/Tutorials/Playtest/03-Exit-Play.asset using Guid(9d8534870475e4fa9b66e42843a86a19) Importer(815301076,1909f56bfc062723c751e8b465ee728b)  -> (artifact id: 'ac0042c71dbc1441da3ad5d06f83fdc8') in 0.051128 seconds
  Import took 0.053639 seconds .

========================================================================
Received Import Request.
  Time since last request: 0.000394 seconds.
  path: Assets/FPS/Tutorials/Playtest/06-Inspector-Intro.asset
  artifactKey: Guid(6e41a997d55d34c6e988a783a1d13151) Importer(815301076,1909f56bfc062723c751e8b465ee728b)
Start importing Assets/FPS/Tutorials/Playtest/06-Inspector-Intro.asset using Guid(6e41a997d55d34c6e988a783a1d13151) Importer(815301076,1909f56bfc062723c751e8b465ee728b)  -> (artifact id: 'e4492f34c2917f366ffddd8dd2488881') in 0.015213 seconds
  Import took 0.017581 seconds .

========================================================================
Received Import Request.
  Time since last request: 0.000255 seconds.
  path: Assets/FPS/Tutorials/EditColors/06-Play-Game - delete.asset
  artifactKey: Guid(9e3280f2c95b94ec489b5a211660347d) Importer(815301076,1909f56bfc062723c751e8b465ee728b)
Start importing Assets/FPS/Tutorials/EditColors/06-Play-Game - delete.asset using Guid(9e3280f2c95b94ec489b5a211660347d) Importer(815301076,1909f56bfc062723c751e8b465ee728b)  -> (artifact id: '05984feb32109cfd4762db9db8a19ab4') in 0.038503 seconds
  Import took 0.040936 seconds .

========================================================================
Received Import Request.
  Time since last request: 0.000256 seconds.
  path: Assets/FPS/Tutorials/EditColors/07-Exit-Play - delete.asset
  artifactKey: Guid(15155edbeeb2248f59f97ad7fb417415) Importer(815301076,1909f56bfc062723c751e8b465ee728b)
Start importing Assets/FPS/Tutorials/EditColors/07-Exit-Play - delete.asset using Guid(15155edbeeb2248f59f97ad7fb417415) Importer(815301076,1909f56bfc062723c751e8b465ee728b)  -> (artifact id: '22b3c7f7792f1b30724fa1c0cce14af7') in 0.038832 seconds
  Import took 0.041161 seconds .

========================================================================
Received Import Request.
  Time since last request: 0.000223 seconds.
  path: Assets/FPS/Tutorials/Playtest/09-Exit-Play.asset
  artifactKey: Guid(ddc55b581006f4185be4b75ca500bb2d) Importer(815301076,1909f56bfc062723c751e8b465ee728b)
Start importing Assets/FPS/Tutorials/Playtest/09-Exit-Play.asset using Guid(ddc55b581006f4185be4b75ca500bb2d) Importer(815301076,1909f56bfc062723c751e8b465ee728b)  -> (artifact id: '8a851cb44f3e2c04600db8d92d410840') in 0.038323 seconds
  Import took 0.040737 seconds .

========================================================================
Received Import Request.
  Time since last request: 0.000198 seconds.
  path: Assets/FPS/Tutorials/AddARoom/13-Spawn-Room.asset
  artifactKey: Guid(f6daaf2178facf14f92f3e4447cc10fb) Importer(815301076,1909f56bfc062723c751e8b465ee728b)
Start importing Assets/FPS/Tutorials/AddARoom/13-Spawn-Room.asset using Guid(f6daaf2178facf14f92f3e4447cc10fb) Importer(815301076,1909f56bfc062723c751e8b465ee728b)  -> (artifact id: '9469ec73201e37e41e91a81705dacaab') in 0.038710 seconds
  Import took 0.041682 seconds .

========================================================================
Received Import Request.
  Time since last request: 0.000186 seconds.
  path: Assets/FPS/Tutorials/AddARoom/50-Project-Window.asset
  artifactKey: Guid(1412dffa60f2b49ca800527d3e14db38) Importer(815301076,1909f56bfc062723c751e8b465ee728b)
Start importing Assets/FPS/Tutorials/AddARoom/50-Project-Window.asset using Guid(1412dffa60f2b49ca800527d3e14db38) Importer(815301076,1909f56bfc062723c751e8b465ee728b)  -> (artifact id: '75cee0c12785bffb125018416c18ce81') in 0.014674 seconds
  Import took 0.016983 seconds .

========================================================================
Received Import Request.
  Time since last request: 0.000205 seconds.
  path: Assets/ModAssets/Fonts/BioRhymeExpanded-Regular SDF.asset
  artifactKey: Guid(2d0aaede2506c4ca0969c32576224028) Importer(815301076,1909f56bfc062723c751e8b465ee728b)
Start importing Assets/ModAssets/Fonts/BioRhymeExpanded-Regular SDF.asset using Guid(2d0aaede2506c4ca0969c32576224028) Importer(815301076,1909f56bfc062723c751e8b465ee728b)  -> (artifact id: '256d7b62011932a9dbbf046af781b6a6') in 0.070235 seconds
  Import took 0.072616 seconds .

========================================================================
Received Import Request.
  Time since last request: 0.000215 seconds.
  path: Assets/FPS/Animation/Turret/Turret@AttackLoop.fbx
  artifactKey: Guid(8960478e18a418b4da048978e6a4b534) Importer(815301076,1909f56bfc062723c751e8b465ee728b)
Start importing Assets/FPS/Animation/Turret/Turret@AttackLoop.fbx using Guid(8960478e18a418b4da048978e6a4b534) Importer(815301076,1909f56bfc062723c751e8b465ee728b)  -> (artifact id: '0783413dd3ec91c571bd1520bddab24d') in 0.012077 seconds
  Import took 0.014443 seconds .

========================================================================
Received Import Request.
  Time since last request: 0.000198 seconds.
  path: Assets/FPS/Tutorials/Playtest/08-Play-New-Speed.asset
  artifactKey: Guid(e5075e49e79114a2483ea78deb603d8c) Importer(815301076,1909f56bfc062723c751e8b465ee728b)
Start importing Assets/FPS/Tutorials/Playtest/08-Play-New-Speed.asset using Guid(e5075e49e79114a2483ea78deb603d8c) Importer(815301076,1909f56bfc062723c751e8b465ee728b)  -> (artifact id: 'dd616c6f8943782a098f1a72f033614d') in 0.022232 seconds
  Import took 0.024542 seconds .

========================================================================
Received Import Request.
  Time since last request: 0.387996 seconds.
  path: Assets/FPS/Tutorials/BuildAndPublish/Build and Publish.asset
  artifactKey: Guid(c122a1a2efeb58349b8154e42481067b) Importer(815301076,1909f56bfc062723c751e8b465ee728b)
Start importing Assets/FPS/Tutorials/BuildAndPublish/Build and Publish.asset using Guid(c122a1a2efeb58349b8154e42481067b) Importer(815301076,1909f56bfc062723c751e8b465ee728b)  -> (artifact id: 'd6734daa17732a8d8bac60090d0510df') in 0.679437 seconds
  Import took 0.684589 seconds .

========================================================================
Received Import Request.
  Time since last request: 0.000257 seconds.
  path: Assets/FPS/Art/Materials/Weapons/WeaponPistol.mat
  artifactKey: Guid(0c55f53a7bb3c354ababeb18b89c2fce) Importer(815301076,1909f56bfc062723c751e8b465ee728b)
Start importing Assets/FPS/Art/Materials/Weapons/WeaponPistol.mat using Guid(0c55f53a7bb3c354ababeb18b89c2fce) Importer(815301076,1909f56bfc062723c751e8b465ee728b)  -> (artifact id: '7fc2da8654a02378af37a485a691c175') in 0.028913 seconds
  Import took 0.031747 seconds .

========================================================================
Received Import Request.
  Time since last request: 0.000403 seconds.
  path: Assets/FPS/Art/Materials/VFX/PickupSparkles.mat
  artifactKey: Guid(bd15f58914d13654ea82dac46526077b) Importer(815301076,1909f56bfc062723c751e8b465ee728b)
Start importing Assets/FPS/Art/Materials/VFX/PickupSparkles.mat using Guid(bd15f58914d13654ea82dac46526077b) Importer(815301076,1909f56bfc062723c751e8b465ee728b)  -> (artifact id: '0bdee1320d562518fe3aa431821c73e9') in 0.021421 seconds
  Import took 0.024091 seconds .

========================================================================
Received Import Request.
  Time since last request: 0.000210 seconds.
  path: Assets/FPS/Audio/SFX/Pickups/Pickup_Weapon_Small.wav
  artifactKey: Guid(7b83d61917ac1224f942a0609b1221f2) Importer(815301076,1909f56bfc062723c751e8b465ee728b)
Start importing Assets/FPS/Audio/SFX/Pickups/Pickup_Weapon_Small.wav using Guid(7b83d61917ac1224f942a0609b1221f2) Importer(815301076,1909f56bfc062723c751e8b465ee728b)  -> (artifact id: '5c71b4f4b71ca9acba88171ea10f0202') in 0.030751 seconds
  Import took 0.033172 seconds .

========================================================================
Received Import Request.
  Time since last request: 0.000242 seconds.
  path: Assets/ModAssets/Models/AncientProps/Pillar.fbx
  artifactKey: Guid(7c49e12debb73554780638b4c35f023d) Importer(815301076,1909f56bfc062723c751e8b465ee728b)
Start importing Assets/ModAssets/Models/AncientProps/Pillar.fbx using Guid(7c49e12debb73554780638b4c35f023d) Importer(815301076,1909f56bfc062723c751e8b465ee728b)  -> (artifact id: '805422a8f2120d67cfdc485a6af9e55c') in 0.059823 seconds
  Import took 0.062108 seconds .

========================================================================
Received Import Request.
  Time since last request: 0.000215 seconds.
  path: Assets/FPS/Art/Materials/Weapons/WeaponPistol_Transparent.mat
  artifactKey: Guid(ad562f26d8dd3e34d9fd70367f5d6f14) Importer(815301076,1909f56bfc062723c751e8b465ee728b)
Start importing Assets/FPS/Art/Materials/Weapons/WeaponPistol_Transparent.mat using Guid(ad562f26d8dd3e34d9fd70367f5d6f14) Importer(815301076,1909f56bfc062723c751e8b465ee728b)  -> (artifact id: 'e80e8d3fae5afaf6b42fa19b9fbf9a59') in 0.028084 seconds
  Import took 0.030430 seconds .

========================================================================
Received Import Request.
  Time since last request: 0.000231 seconds.
  path: Assets/FPS/Art/Models/Mesh_Weapon_Primary.fbx
  artifactKey: Guid(5d5281104f1c4314eba43965eb026bdb) Importer(815301076,1909f56bfc062723c751e8b465ee728b)
Start importing Assets/FPS/Art/Models/Mesh_Weapon_Primary.fbx using Guid(5d5281104f1c4314eba43965eb026bdb) Importer(815301076,1909f56bfc062723c751e8b465ee728b)  -> (artifact id: '2061288a49d837768e7e188e459a20c7') in 0.082069 seconds
  Import took 0.084456 seconds .

========================================================================
Received Import Request.
  Time since last request: 0.000218 seconds.
  path: Assets/FPS/Audio/SFX/Pickups/Pickup_Weapon_Medium.wav
  artifactKey: Guid(6f3e0904bbbace745bdef08cdbcdfec0) Importer(815301076,1909f56bfc062723c751e8b465ee728b)
Start importing Assets/FPS/Audio/SFX/Pickups/Pickup_Weapon_Medium.wav using Guid(6f3e0904bbbace745bdef08cdbcdfec0) Importer(815301076,1909f56bfc062723c751e8b465ee728b)  -> (artifact id: '456477d6ad6e2e4943288aa07f6c2944') in 0.023636 seconds
  Import took 0.025972 seconds .

========================================================================
Received Import Request.
  Time since last request: 0.000222 seconds.
  path: Assets/FPS/Prefabs/Level/MainLvl/Section1/Observatory_Pit.prefab
  artifactKey: Guid(5af68970c2b97a343b406f11c91cc4fd) Importer(815301076,1909f56bfc062723c751e8b465ee728b)
Start importing Assets/FPS/Prefabs/Level/MainLvl/Section1/Observatory_Pit.prefab using Guid(5af68970c2b97a343b406f11c91cc4fd) Importer(815301076,1909f56bfc062723c751e8b465ee728b)  -> (artifact id: '5aaa0bf9a5c707ca885c0683edd428ea') in 0.051938 seconds
  Import took 0.054996 seconds .

========================================================================
Received Import Request.
  Time since last request: 0.000227 seconds.
  path: Assets/FPS/Prefabs/Level/MainLvl/Section3/Pit_Walls.prefab
  artifactKey: Guid(6f72a8daf2a7b2d4d8c0e3438358a8f1) Importer(815301076,1909f56bfc062723c751e8b465ee728b)
Start importing Assets/FPS/Prefabs/Level/MainLvl/Section3/Pit_Walls.prefab using Guid(6f72a8daf2a7b2d4d8c0e3438358a8f1) Importer(815301076,1909f56bfc062723c751e8b465ee728b)  -> (artifact id: 'b659183c51eab8ab9a96d1f0de2dc63c') in 0.022747 seconds
  Import took 0.025572 seconds .

========================================================================
Received Import Request.
  Time since last request: 0.000318 seconds.
  path: Assets/FPS/Audio/SFX/Pickups/Pickup_Jetpack.wav
  artifactKey: Guid(9c793d7183ca03e4fbf328175291cee4) Importer(815301076,1909f56bfc062723c751e8b465ee728b)
Start importing Assets/FPS/Audio/SFX/Pickups/Pickup_Jetpack.wav using Guid(9c793d7183ca03e4fbf328175291cee4) Importer(815301076,1909f56bfc062723c751e8b465ee728b)  -> (artifact id: 'fdcf6d638afb09c67a542405db69bf46') in 0.041486 seconds
  Import took 0.043963 seconds .

========================================================================
Received Import Request.
  Time since last request: 3.777650 seconds.
  path: Assets/FPS/Scripts/Gameplay/AmmoPickup.cs
  artifactKey: Guid(4bb683ec2991b784fa1d1fea214ca53b) Importer(815301076,1909f56bfc062723c751e8b465ee728b)
Start importing Assets/FPS/Scripts/Gameplay/AmmoPickup.cs using Guid(4bb683ec2991b784fa1d1fea214ca53b) Importer(815301076,1909f56bfc062723c751e8b465ee728b)  -> (artifact id: '474161bfa9dbbf1ab05c4a8ca377fbc6') in 0.011936 seconds
  Import took 0.014505 seconds .

========================================================================
Received Import Request.
  Time since last request: 0.006627 seconds.
  path: Assets/FPS/Scripts/Gameplay/AmmoPickup.cs
  artifactKey: Guid(4bb683ec2991b784fa1d1fea214ca53b) Importer(815301076,1909f56bfc062723c751e8b465ee728b)
Start importing Assets/FPS/Scripts/Gameplay/AmmoPickup.cs using Guid(4bb683ec2991b784fa1d1fea214ca53b) Importer(815301076,1909f56bfc062723c751e8b465ee728b)  -> (artifact id: '474161bfa9dbbf1ab05c4a8ca377fbc6') in 0.004027 seconds
  Import took 0.006941 seconds .

========================================================================
Received Import Request.
  Time since last request: 34.008515 seconds.
  path: Assets/FPS/Scripts/AI
  artifactKey: Guid(dfbed033b9b1c0d4984f232a7c86567e) Importer(815301076,1909f56bfc062723c751e8b465ee728b)
Start importing Assets/FPS/Scripts/AI using Guid(dfbed033b9b1c0d4984f232a7c86567e) Importer(815301076,1909f56bfc062723c751e8b465ee728b)  -> (artifact id: 'a491f5664daefb260fb8d5b2373842a6') in 0.009300 seconds
  Import took 0.012252 seconds .

========================================================================
Received Prepare
Registering precompiled user dll's ...
Registered in 0.003446 seconds.
Begin MonoManager ReloadAssembly
Native extension for WindowsStandalone target not found
Native extension for WebGL target not found
Refreshing native plugins compatible for Editor in 0.33 ms, found 0 plugins.
Preloading 0 native plugins for Editor in 0.00 ms.
Warning: Annotation not found!
UnityEngine.StackTraceUtility:ExtractStackTrace ()
UnityEditor.ProBuilder.EditorUtility:SetGizmoIconEnabled (System.Type,bool) (at E:/unityPj/New Unity Project (9)/Library/PackageCache/com.unity.probuilder@4.5.0/Editor/EditorCore/EditorUtility.cs:593)
UnityEditor.ProBuilder.HierarchyListener:.cctor () (at E:/unityPj/New Unity Project (9)/Library/PackageCache/com.unity.probuilder@4.5.0/Editor/EditorCore/HierarchyListener.cs:21)
System.Runtime.CompilerServices.RuntimeHelpers:RunClassConstructor (System.RuntimeTypeHandle)
UnityEditor.EditorAssemblies:ProcessInitializeOnLoadAttributes (System.Type[])

[E:/unityPj/New Unity Project (9)/Library/PackageCache/com.unity.probuilder@4.5.0/Editor/EditorCore/EditorUtility.cs line 593]

Invoked RoslynAnalysisRunner static constructor.
RoslynAnalysisRunner will not be running.
RoslynAnalysisRunner has terminated.
Mono: successfully reloaded assembly
- Completed reload, in  0.941 seconds
Platform modules already initialized, skipping
Refreshing native plugins compatible for Editor in 0.36 ms, found 0 plugins.
Preloading 0 native plugins for Editor in 0.00 ms.
Unloading 1760 Unused Serialized files (Serialized files now loaded: 0)
System memory in use before: 156.7 MB.
System memory in use after: 156.8 MB.

Unloading 10 unused Assets to reduce memory usage. Loaded Objects now: 2344.
Total: 2.088200 ms (FindLiveObjects: 0.167600 ms CreateObjectMapping: 0.062200 ms MarkObjects: 1.823600 ms  DeleteObjects: 0.034100 ms)

========================================================================
Received Import Request.
  Time since last request: 55.434006 seconds.
  path: Assets/FPS/Scripts/Gameplay/HealthPickup.cs
  artifactKey: Guid(828abdfaec1bdff4dbda622331d65ba5) Importer(815301076,1909f56bfc062723c751e8b465ee728b)
Start importing Assets/FPS/Scripts/Gameplay/HealthPickup.cs using Guid(828abdfaec1bdff4dbda622331d65ba5) Importer(815301076,1909f56bfc062723c751e8b465ee728b)  -> (artifact id: '426a5c6836396e56b66e4906a0665554') in 0.010922 seconds
  Import took 0.013847 seconds .

========================================================================
Received Import Request.
  Time since last request: 3.889799 seconds.
  path: Assets/FPS/Scripts/Gameplay/HealthPickup1.cs
  artifactKey: Guid(4a655c3b5bb223142a6f2960f22a140f) Importer(815301076,1909f56bfc062723c751e8b465ee728b)
Start importing Assets/FPS/Scripts/Gameplay/HealthPickup1.cs using Guid(4a655c3b5bb223142a6f2960f22a140f) Importer(815301076,1909f56bfc062723c751e8b465ee728b)  -> (artifact id: '917b01de77718daaf6d60fc9f6a0e02a') in 0.009083 seconds
  Import took 0.011636 seconds .

========================================================================
Received Import Request.
  Time since last request: 8.953219 seconds.
  path: Assets/FPS/Scripts/Gameplay/ArmorPickup.cs
  artifactKey: Guid(4a655c3b5bb223142a6f2960f22a140f) Importer(815301076,1909f56bfc062723c751e8b465ee728b)
Start importing Assets/FPS/Scripts/Gameplay/ArmorPickup.cs using Guid(4a655c3b5bb223142a6f2960f22a140f) Importer(815301076,1909f56bfc062723c751e8b465ee728b)  -> (artifact id: '39c6ab2fc86391544f257462d54163bc') in 0.007352 seconds
  Import took 0.010007 seconds .

========================================================================
Received Prepare
Registering precompiled user dll's ...
Registered in 0.003224 seconds.
Begin MonoManager ReloadAssembly
Native extension for WindowsStandalone target not found
Native extension for WebGL target not found
Refreshing native plugins compatible for Editor in 0.33 ms, found 0 plugins.
Preloading 0 native plugins for Editor in 0.00 ms.
Warning: Annotation not found!
UnityEngine.StackTraceUtility:ExtractStackTrace ()
UnityEditor.ProBuilder.EditorUtility:SetGizmoIconEnabled (System.Type,bool) (at E:/unityPj/New Unity Project (9)/Library/PackageCache/com.unity.probuilder@4.5.0/Editor/EditorCore/EditorUtility.cs:593)
UnityEditor.ProBuilder.HierarchyListener:.cctor () (at E:/unityPj/New Unity Project (9)/Library/PackageCache/com.unity.probuilder@4.5.0/Editor/EditorCore/HierarchyListener.cs:21)
System.Runtime.CompilerServices.RuntimeHelpers:RunClassConstructor (System.RuntimeTypeHandle)
UnityEditor.EditorAssemblies:ProcessInitializeOnLoadAttributes (System.Type[])

[E:/unityPj/New Unity Project (9)/Library/PackageCache/com.unity.probuilder@4.5.0/Editor/EditorCore/EditorUtility.cs line 593]

Invoked RoslynAnalysisRunner static constructor.
RoslynAnalysisRunner will not be running.
RoslynAnalysisRunner has terminated.
Mono: successfully reloaded assembly
- Completed reload, in  0.950 seconds
Platform modules already initialized, skipping
Refreshing native plugins compatible for Editor in 0.38 ms, found 0 plugins.
Preloading 0 native plugins for Editor in 0.00 ms.
Unloading 1761 Unused Serialized files (Serialized files now loaded: 0)
System memory in use before: 156.8 MB.
System memory in use after: 156.9 MB.

Unloading 5 unused Assets to reduce memory usage. Loaded Objects now: 2348.
Total: 6.284100 ms (FindLiveObjects: 0.470300 ms CreateObjectMapping: 0.243100 ms MarkObjects: 5.552400 ms  DeleteObjects: 0.016200 ms)

========================================================================
Received Import Request.
  Time since last request: 110.703960 seconds.
  path: Assets/FPS/Scripts/Gameplay/ArmorPickup.cs
  artifactKey: Guid(4a655c3b5bb223142a6f2960f22a140f) Importer(815301076,1909f56bfc062723c751e8b465ee728b)
Start importing Assets/FPS/Scripts/Gameplay/ArmorPickup.cs using Guid(4a655c3b5bb223142a6f2960f22a140f) Importer(815301076,1909f56bfc062723c751e8b465ee728b)  -> (artifact id: '02fa6d14e315c550064d6102ac3ef72d') in 0.006517 seconds
  Import took 0.009167 seconds .

========================================================================
Received Import Request.
  Time since last request: 59.089094 seconds.
  path: Assets/metiarail
  artifactKey: Guid(0bb7b46f3e2ebb34490a4f914e027269) Importer(815301076,1909f56bfc062723c751e8b465ee728b)
Start importing Assets/metiarail using Guid(0bb7b46f3e2ebb34490a4f914e027269) Importer(815301076,1909f56bfc062723c751e8b465ee728b)  -> (artifact id: 'f34ffc4788c809e1dd04f973eda66eb8') in 0.007556 seconds
  Import took 0.010185 seconds .

========================================================================
Received Import Request.
  Time since last request: 6.779163 seconds.
  path: Assets/metiarail/New Material.mat
  artifactKey: Guid(f21643bf04f83584f933b35959892d9e) Importer(815301076,1909f56bfc062723c751e8b465ee728b)
Start importing Assets/metiarail/New Material.mat using Guid(f21643bf04f83584f933b35959892d9e) Importer(815301076,1909f56bfc062723c751e8b465ee728b)  -> (artifact id: '55eb908114cab185197d3a39304fc7f5') in 0.063591 seconds
  Import took 0.066384 seconds .

========================================================================
Received Import Request.
  Time since last request: 175.827525 seconds.
  path: Assets/FPS/Scripts/Gameplay
  artifactKey: Guid(d442422ab15c9024e9edea7b5d39e133) Importer(815301076,1909f56bfc062723c751e8b465ee728b)
Start importing Assets/FPS/Scripts/Gameplay using Guid(d442422ab15c9024e9edea7b5d39e133) Importer(815301076,1909f56bfc062723c751e8b465ee728b)  -> (artifact id: 'f0317bffc794e6d069214b0a98b1006e') in 0.008433 seconds
  Import took 0.012117 seconds .

========================================================================
Received Import Request.
  Time since last request: 0.000787 seconds.
  path: Assets/FPS/Scripts/Gameplay
  artifactKey: Guid(d442422ab15c9024e9edea7b5d39e133) Importer(815301076,1909f56bfc062723c751e8b465ee728b)
Start importing Assets/FPS/Scripts/Gameplay using Guid(d442422ab15c9024e9edea7b5d39e133) Importer(815301076,1909f56bfc062723c751e8b465ee728b)  -> (artifact id: 'f0317bffc794e6d069214b0a98b1006e') in 0.004093 seconds
  Import took 0.006925 seconds .

========================================================================
Received Import Request.
  Time since last request: 123.783982 seconds.
  path: Assets/FPS/Prefabs/Pickups/Pickup_Armor.prefab
  artifactKey: Guid(1f02b0673bc8fc24eb5778f8cda037bf) Importer(815301076,1909f56bfc062723c751e8b465ee728b)
Start importing Assets/FPS/Prefabs/Pickups/Pickup_Armor.prefab using Guid(1f02b0673bc8fc24eb5778f8cda037bf) Importer(815301076,1909f56bfc062723c751e8b465ee728b)  -> (artifact id: '036a9bd8d3d69f5feb84ce8d255855df') in 0.027612 seconds
  Import took 0.030335 seconds .

========================================================================
Received Import Request.
  Time since last request: 0.012273 seconds.
  path: Assets/FPS/Prefabs/Pickups/Pickup_Armor.prefab
  artifactKey: Guid(1f02b0673bc8fc24eb5778f8cda037bf) Importer(815301076,1909f56bfc062723c751e8b465ee728b)
Start importing Assets/FPS/Prefabs/Pickups/Pickup_Armor.prefab using Guid(1f02b0673bc8fc24eb5778f8cda037bf) Importer(815301076,1909f56bfc062723c751e8b465ee728b)  -> (artifact id: '036a9bd8d3d69f5feb84ce8d255855df') in 0.007877 seconds
  Import took 0.010697 seconds .

========================================================================
Received Prepare
Registering precompiled user dll's ...
Registered in 0.003172 seconds.
Begin MonoManager ReloadAssembly
Native extension for WindowsStandalone target not found
Native extension for WebGL target not found
Refreshing native plugins compatible for Editor in 0.37 ms, found 0 plugins.
Preloading 0 native plugins for Editor in 0.00 ms.
Warning: Annotation not found!
UnityEngine.StackTraceUtility:ExtractStackTrace ()
UnityEditor.ProBuilder.EditorUtility:SetGizmoIconEnabled (System.Type,bool) (at E:/unityPj/New Unity Project (9)/Library/PackageCache/com.unity.probuilder@4.5.0/Editor/EditorCore/EditorUtility.cs:593)
UnityEditor.ProBuilder.HierarchyListener:.cctor () (at E:/unityPj/New Unity Project (9)/Library/PackageCache/com.unity.probuilder@4.5.0/Editor/EditorCore/HierarchyListener.cs:21)
System.Runtime.CompilerServices.RuntimeHelpers:RunClassConstructor (System.RuntimeTypeHandle)
UnityEditor.EditorAssemblies:ProcessInitializeOnLoadAttributes (System.Type[])

[E:/unityPj/New Unity Project (9)/Library/PackageCache/com.unity.probuilder@4.5.0/Editor/EditorCore/EditorUtility.cs line 593]

Invoked RoslynAnalysisRunner static constructor.
RoslynAnalysisRunner will not be running.
RoslynAnalysisRunner has terminated.
Mono: successfully reloaded assembly
- Completed reload, in  1.035 seconds
Platform modules already initialized, skipping
Refreshing native plugins compatible for Editor in 0.39 ms, found 0 plugins.
Preloading 0 native plugins for Editor in 0.00 ms.
Unloading 1761 Unused Serialized files (Serialized files now loaded: 0)
System memory in use before: 156.8 MB.
System memory in use after: 156.9 MB.

Unloading 5 unused Assets to reduce memory usage. Loaded Objects now: 2352.
Total: 2.101600 ms (FindLiveObjects: 0.185800 ms CreateObjectMapping: 0.067700 ms MarkObjects: 1.810100 ms  DeleteObjects: 0.036400 ms)

========================================================================
Received Import Request.
  Time since last request: 37.462764 seconds.
  path: Assets/FPS/Prefabs/Pickups/Pickup_Armor.prefab
  artifactKey: Guid(1f02b0673bc8fc24eb5778f8cda037bf) Importer(815301076,1909f56bfc062723c751e8b465ee728b)
Start importing Assets/FPS/Prefabs/Pickups/Pickup_Armor.prefab using Guid(1f02b0673bc8fc24eb5778f8cda037bf) Importer(815301076,1909f56bfc062723c751e8b465ee728b)  -> (artifact id: 'fc65010ebae1d9f7941d37add8d3debb') in 0.042498 seconds
  Import took 0.045841 seconds .

========================================================================
Received Prepare
Registering precompiled user dll's ...
Registered in 0.003576 seconds.
Begin MonoManager ReloadAssembly
Native extension for WindowsStandalone target not found
Native extension for WebGL target not found
Refreshing native plugins compatible for Editor in 0.41 ms, found 0 plugins.
Preloading 0 native plugins for Editor in 0.00 ms.
Warning: Annotation not found!
UnityEngine.StackTraceUtility:ExtractStackTrace ()
UnityEditor.ProBuilder.EditorUtility:SetGizmoIconEnabled (System.Type,bool) (at E:/unityPj/New Unity Project (9)/Library/PackageCache/com.unity.probuilder@4.5.0/Editor/EditorCore/EditorUtility.cs:593)
UnityEditor.ProBuilder.HierarchyListener:.cctor () (at E:/unityPj/New Unity Project (9)/Library/PackageCache/com.unity.probuilder@4.5.0/Editor/EditorCore/HierarchyListener.cs:21)
System.Runtime.CompilerServices.RuntimeHelpers:RunClassConstructor (System.RuntimeTypeHandle)
UnityEditor.EditorAssemblies:ProcessInitializeOnLoadAttributes (System.Type[])

[E:/unityPj/New Unity Project (9)/Library/PackageCache/com.unity.probuilder@4.5.0/Editor/EditorCore/EditorUtility.cs line 593]

Invoked RoslynAnalysisRunner static constructor.
RoslynAnalysisRunner will not be running.
RoslynAnalysisRunner has terminated.
Mono: successfully reloaded assembly
- Completed reload, in  1.059 seconds
Platform modules already initialized, skipping
Refreshing native plugins compatible for Editor in 0.35 ms, found 0 plugins.
Preloading 0 native plugins for Editor in 0.00 ms.
Unloading 1761 Unused Serialized files (Serialized files now loaded: 0)
System memory in use before: 156.8 MB.
System memory in use after: 156.9 MB.

Unloading 5 unused Assets to reduce memory usage. Loaded Objects now: 2355.
Total: 2.220100 ms (FindLiveObjects: 0.249400 ms CreateObjectMapping: 0.064100 ms MarkObjects: 1.887000 ms  DeleteObjects: 0.018500 ms)

========================================================================
Received Prepare
Registering precompiled user dll's ...
Registered in 0.003237 seconds.
Begin MonoManager ReloadAssembly
Native extension for WindowsStandalone target not found
Native extension for WebGL target not found
Refreshing native plugins compatible for Editor in 0.33 ms, found 0 plugins.
Preloading 0 native plugins for Editor in 0.00 ms.
Warning: Annotation not found!
UnityEngine.StackTraceUtility:ExtractStackTrace ()
UnityEditor.ProBuilder.EditorUtility:SetGizmoIconEnabled (System.Type,bool) (at E:/unityPj/New Unity Project (9)/Library/PackageCache/com.unity.probuilder@4.5.0/Editor/EditorCore/EditorUtility.cs:593)
UnityEditor.ProBuilder.HierarchyListener:.cctor () (at E:/unityPj/New Unity Project (9)/Library/PackageCache/com.unity.probuilder@4.5.0/Editor/EditorCore/HierarchyListener.cs:21)
System.Runtime.CompilerServices.RuntimeHelpers:RunClassConstructor (System.RuntimeTypeHandle)
UnityEditor.EditorAssemblies:ProcessInitializeOnLoadAttributes (System.Type[])

[E:/unityPj/New Unity Project (9)/Library/PackageCache/com.unity.probuilder@4.5.0/Editor/EditorCore/EditorUtility.cs line 593]

Invoked RoslynAnalysisRunner static constructor.
RoslynAnalysisRunner will not be running.
RoslynAnalysisRunner has terminated.
Mono: successfully reloaded assembly
- Completed reload, in  0.936 seconds
Platform modules already initialized, skipping
Refreshing native plugins compatible for Editor in 0.37 ms, found 0 plugins.
Preloading 0 native plugins for Editor in 0.00 ms.
Unloading 1761 Unused Serialized files (Serialized files now loaded: 0)
System memory in use before: 156.8 MB.
System memory in use after: 156.9 MB.

Unloading 5 unused Assets to reduce memory usage. Loaded Objects now: 2358.
Total: 2.306100 ms (FindLiveObjects: 0.190200 ms CreateObjectMapping: 0.072200 ms MarkObjects: 2.009200 ms  DeleteObjects: 0.033400 ms)

========================================================================
Received Import Request.
  Time since last request: 1264.393503 seconds.
  path: Assets/FPS/Scripts/Game/Shared/DamageArea.cs
  artifactKey: Guid(b0244d6b9e98532469c7be0732490a61) Importer(815301076,1909f56bfc062723c751e8b465ee728b)
Start importing Assets/FPS/Scripts/Game/Shared/DamageArea.cs using Guid(b0244d6b9e98532469c7be0732490a61) Importer(815301076,1909f56bfc062723c751e8b465ee728b)  -> (artifact id: '2ce0a989c2db158ac27209b71a29b2b5') in 0.009287 seconds
  Import took 0.012280 seconds .

========================================================================
Received Import Request.
  Time since last request: 0.007059 seconds.
  path: Assets/FPS/Scripts/Game/Shared/DamageArea.cs
  artifactKey: Guid(b0244d6b9e98532469c7be0732490a61) Importer(815301076,1909f56bfc062723c751e8b465ee728b)
Start importing Assets/FPS/Scripts/Game/Shared/DamageArea.cs using Guid(b0244d6b9e98532469c7be0732490a61) Importer(815301076,1909f56bfc062723c751e8b465ee728b)  -> (artifact id: '2ce0a989c2db158ac27209b71a29b2b5') in 0.004018 seconds
  Import took 0.006900 seconds .

========================================================================
Received Import Request.
  Time since last request: 4.550517 seconds.
  path: Assets/FPS/Scripts/Game/Shared/Damageable.cs
  artifactKey: Guid(f9b0ce1bb69c96b49a7ac1098a7f5796) Importer(815301076,1909f56bfc062723c751e8b465ee728b)
Start importing Assets/FPS/Scripts/Game/Shared/Damageable.cs using Guid(f9b0ce1bb69c96b49a7ac1098a7f5796) Importer(815301076,1909f56bfc062723c751e8b465ee728b)  -> (artifact id: 'a5c1f3d372e63f2a8efcb22e2b50d035') in 0.007363 seconds
  Import took 0.010181 seconds .

========================================================================
Received Import Request.
  Time since last request: 24.299454 seconds.
  path: Assets/FPS/Scripts/Game/Shared/Destructable.cs
  artifactKey: Guid(6f0914267284bd7468f8ac89253e1557) Importer(815301076,1909f56bfc062723c751e8b465ee728b)
Start importing Assets/FPS/Scripts/Game/Shared/Destructable.cs using Guid(6f0914267284bd7468f8ac89253e1557) Importer(815301076,1909f56bfc062723c751e8b465ee728b)  -> (artifact id: 'f015766fa4570a77d273efeb94c27af7') in 0.008272 seconds
  Import took 0.011230 seconds .

========================================================================
Received Import Request.
  Time since last request: 7.072151 seconds.
  path: Assets/FPS/Scripts/Game/Shared/WeaponController.cs
  artifactKey: Guid(3ad90ba0b1477764da373f5ec01a8cb5) Importer(815301076,1909f56bfc062723c751e8b465ee728b)
Start importing Assets/FPS/Scripts/Game/Shared/WeaponController.cs using Guid(3ad90ba0b1477764da373f5ec01a8cb5) Importer(815301076,1909f56bfc062723c751e8b465ee728b)  -> (artifact id: '8d03512b5828bd135909150de17aba3e') in 0.007736 seconds
  Import took 0.010474 seconds .

========================================================================
Received Prepare
Registering precompiled user dll's ...
Registered in 0.003364 seconds.
Begin MonoManager ReloadAssembly
Native extension for WindowsStandalone target not found
Native extension for WebGL target not found
Refreshing native plugins compatible for Editor in 0.37 ms, found 0 plugins.
Preloading 0 native plugins for Editor in 0.00 ms.
Warning: Annotation not found!
UnityEngine.StackTraceUtility:ExtractStackTrace ()
UnityEditor.ProBuilder.EditorUtility:SetGizmoIconEnabled (System.Type,bool) (at E:/unityPj/New Unity Project (9)/Library/PackageCache/com.unity.probuilder@4.5.0/Editor/EditorCore/EditorUtility.cs:593)
UnityEditor.ProBuilder.HierarchyListener:.cctor () (at E:/unityPj/New Unity Project (9)/Library/PackageCache/com.unity.probuilder@4.5.0/Editor/EditorCore/HierarchyListener.cs:21)
System.Runtime.CompilerServices.RuntimeHelpers:RunClassConstructor (System.RuntimeTypeHandle)
UnityEditor.EditorAssemblies:ProcessInitializeOnLoadAttributes (System.Type[])

[E:/unityPj/New Unity Project (9)/Library/PackageCache/com.unity.probuilder@4.5.0/Editor/EditorCore/EditorUtility.cs line 593]

Invoked RoslynAnalysisRunner static constructor.
RoslynAnalysisRunner will not be running.
RoslynAnalysisRunner has terminated.
Mono: successfully reloaded assembly
- Completed reload, in  0.929 seconds
Platform modules already initialized, skipping
Refreshing native plugins compatible for Editor in 0.34 ms, found 0 plugins.
Preloading 0 native plugins for Editor in 0.00 ms.
Unloading 1761 Unused Serialized files (Serialized files now loaded: 0)
System memory in use before: 156.8 MB.
System memory in use after: 156.9 MB.

Unloading 5 unused Assets to reduce memory usage. Loaded Objects now: 2361.
Total: 5.974900 ms (FindLiveObjects: 0.483300 ms CreateObjectMapping: 0.215100 ms MarkObjects: 5.234200 ms  DeleteObjects: 0.040800 ms)

========================================================================
Received Import Request.
  Time since last request: 218.649179 seconds.
  path: Assets/FPS/Scripts/Game/Shared/Damageable.cs
  artifactKey: Guid(f9b0ce1bb69c96b49a7ac1098a7f5796) Importer(815301076,1909f56bfc062723c751e8b465ee728b)
Start importing Assets/FPS/Scripts/Game/Shared/Damageable.cs using Guid(f9b0ce1bb69c96b49a7ac1098a7f5796) Importer(815301076,1909f56bfc062723c751e8b465ee728b)  -> (artifact id: '8074e17298eedbc9a3c73eb528eea600') in 0.010212 seconds
  Import took 0.016298 seconds .

========================================================================
Received Import Request.
  Time since last request: 293.605236 seconds.
  path: Assets/FPS/Prefabs/Player.prefab
  artifactKey: Guid(761cdc9e4e883334cbdcea062d0befa7) Importer(815301076,1909f56bfc062723c751e8b465ee728b)
Start importing Assets/FPS/Prefabs/Player.prefab using Guid(761cdc9e4e883334cbdcea062d0befa7) Importer(815301076,1909f56bfc062723c751e8b465ee728b)  -> (artifact id: 'c9da65c62f8d714d2fad3341b597b11e') in 0.053175 seconds
  Import took 0.057158 seconds .

========================================================================
Received Prepare
Registering precompiled user dll's ...
Registered in 0.003475 seconds.
Begin MonoManager ReloadAssembly
Native extension for WindowsStandalone target not found
Native extension for WebGL target not found
Refreshing native plugins compatible for Editor in 0.38 ms, found 0 plugins.
Preloading 0 native plugins for Editor in 0.00 ms.
Warning: Annotation not found!
UnityEngine.StackTraceUtility:ExtractStackTrace ()
UnityEditor.ProBuilder.EditorUtility:SetGizmoIconEnabled (System.Type,bool) (at E:/unityPj/New Unity Project (9)/Library/PackageCache/com.unity.probuilder@4.5.0/Editor/EditorCore/EditorUtility.cs:593)
UnityEditor.ProBuilder.HierarchyListener:.cctor () (at E:/unityPj/New Unity Project (9)/Library/PackageCache/com.unity.probuilder@4.5.0/Editor/EditorCore/HierarchyListener.cs:21)
System.Runtime.CompilerServices.RuntimeHelpers:RunClassConstructor (System.RuntimeTypeHandle)
UnityEditor.EditorAssemblies:ProcessInitializeOnLoadAttributes (System.Type[])

[E:/unityPj/New Unity Project (9)/Library/PackageCache/com.unity.probuilder@4.5.0/Editor/EditorCore/EditorUtility.cs line 593]

Invoked RoslynAnalysisRunner static constructor.
RoslynAnalysisRunner will not be running.
RoslynAnalysisRunner has terminated.
Mono: successfully reloaded assembly
- Completed reload, in  0.968 seconds
Platform modules already initialized, skipping
Refreshing native plugins compatible for Editor in 0.37 ms, found 0 plugins.
Preloading 0 native plugins for Editor in 0.00 ms.
Unloading 1761 Unused Serialized files (Serialized files now loaded: 0)
System memory in use before: 156.8 MB.
System memory in use after: 156.9 MB.

Unloading 5 unused Assets to reduce memory usage. Loaded Objects now: 2364.
Total: 2.638400 ms (FindLiveObjects: 0.184800 ms CreateObjectMapping: 0.063900 ms MarkObjects: 2.374300 ms  DeleteObjects: 0.014700 ms)

========================================================================
Received Import Request.
  Time since last request: 52.694723 seconds.
  path: Assets/Prefabs/Pickup_Ammo.prefab
  artifactKey: Guid(b6f49d7ed7df73c41b38b390536de401) Importer(815301076,1909f56bfc062723c751e8b465ee728b)
Start importing Assets/Prefabs/Pickup_Ammo.prefab using Guid(b6f49d7ed7df73c41b38b390536de401) Importer(815301076,1909f56bfc062723c751e8b465ee728b)  -> (artifact id: '1ae57728678e47ef860a7729f321b392') in 0.052121 seconds
  Import took 0.055644 seconds .

